<?xml version="1.0" encoding="utf-8"?><testsuites name="pytest tests"><testsuite name="pytest" errors="0" failures="0" skipped="0" tests="13" time="2.099" timestamp="2026-08-23T03:01:15.621509+00:00" hostname="agent-env-4b81e3e1-7195-4c20-aaba-141696aad14f"><testcase classname="tests.test_v44_00_09_heartbeat_push_sync.TestHeartbeatWritesLastPushAt" name="test_heartbeat_success_and_writes_last_push_at" time="0.193" /><testcase classname="tests.test_v44_00_09_heartbeat_push_sync.TestHeartbeatWritesLastPushAt" name="test_outbound_stats_returns_last_push_at" time="0.593" /><testcase classname="tests.test_v44_00_09_heartbeat_push_sync.TestTarballDownload" name="test_is_valid_tar_gz" time="0.208" /><testcase classname="tests.test_v44_00_09_heartbeat_push_sync.TestTarballDownload" name="test_install_sh_content" time="0.009" /><testcase classname="tests.test_v44_00_09_heartbeat_push_sync.TestTarballDownload" name="test_version_file" time="0.004" /><testcase classname="tests.test_v44_00_09_heartbeat_push_sync.TestOfflineResellersRegression" name="test_master_ok" time="0.128" /><testcase classname="tests.test_v44_00_09_heartbeat_push_sync.TestOfflineResellersRegression" name="test_bayi_forbidden" time="0.188" /><testcase classname="tests.test_v44_00_09_heartbeat_push_sync.TestPinApprovalsExport" name="test_bayi_forbidden" time="0.149" /><testcase classname="tests.test_v44_00_09_heartbeat_push_sync.TestPinApprovalsExport" name="test_master_csv_utf8_bom" time="0.180" /><testcase classname="tests.test_v44_00_09_heartbeat_push_sync.TestSignalLogRegression" name="test_bayi_forbidden" time="0.149" /><testcase classname="tests.test_v44_00_09_heartbeat_push_sync.TestSmtpTenantScope" name="test_master_and_bayi_both_200" time="0.247" /><testcase classname="tests.test_v44_00_09_heartbeat_push_sync.TestSignalLogRegression" name="test_master_ok" time="0.131" /><testcase classname="tests.test_v44_00_09_heartbeat_push_sync.TestWidgetHelpText" name="test_help_text_no_longer_says_gws_simple_push" time="0.003" /></testsuite></testsuites>