<?xml version="1.0" encoding="utf-8"?><testsuites name="pytest tests"><testsuite name="pytest" errors="0" failures="0" skipped="0" tests="13" time="1.123" timestamp="2026-08-02T10:45:10.725616+00:00" hostname="agent-env-4b81e3e1-7195-4c20-aaba-141696aad14f"><testcase classname="tests.test_v26_licenses_events_tz.TestEventIngest" name="test_ingest_mime_decoded_subject" time="0.213" /><testcase classname="tests.test_v26_licenses_events_tz.TestLicenseCRUD" name="test_create_license" time="0.137" /><testcase classname="tests.test_v26_licenses_events_tz.TestLicenseCRUD" name="test_update_license_toggle_active" time="0.129" /><testcase classname="tests.test_v26_licenses_events_tz.TestEventIngest" name="test_ingest_auto_tz_correction" time="0.108" /><testcase classname="tests.test_v26_licenses_events_tz.TestLicenseCRUD" name="test_bulk_suspend_and_activate" time="0.354" /><testcase classname="tests.test_v26_licenses_events_tz.TestEventIngest" name="test_events_sorted_desc" time="0.048" /><testcase classname="tests.test_v26_licenses_events_tz.TestDemoGuard" name="test_put_without_master_returns_423" time="0.051" /><testcase classname="tests.test_v26_licenses_events_tz.TestDemoGuard" name="test_delete_without_master_returns_423" time="0.045" /><testcase classname="tests.test_v26_licenses_events_tz.TestWhoami" name="test_whoami_master" time="0.041" /><testcase classname="tests.test_v26_licenses_events_tz.TestLogtail" name="test_heartbeat_and_status" time="0.132" /><testcase classname="tests.test_v26_licenses_events_tz.TestLicenseCRUD" name="test_delete_license" time="0.045" /><testcase classname="tests.test_v26_licenses_events_tz.TestMigrate" name="test_migrate_dry_run" time="0.096" /><testcase classname="tests.test_v26_licenses_events_tz.TestMigrate" name="test_migrate_forbidden_without_master" time="0.043" /></testsuite></testsuites>