<?xml version="1.0" encoding="utf-8"?><testsuites name="pytest tests"><testsuite name="pytest" errors="0" failures="0" skipped="0" tests="19" time="1.358" timestamp="2026-08-22T18:52:34.978581+00:00" hostname="agent-env-4b81e3e1-7195-4c20-aaba-141696aad14f"><testcase classname="tests.test_v44_00_06_feature_flags.TestFeatureFlagConsistency" name="test_every_app_js_feature_exists_in_backend_matrix" time="0.003" /><testcase classname="tests.test_v44_00_07_onar_and_heartbeat.TestInstallScript" name="test_simple_push_timer_written" time="0.001" /><testcase classname="tests.test_v44_00_07_onar_and_heartbeat.TestInstallScript" name="test_exim_push_timer_written" time="0.000" /><testcase classname="tests.test_v44_00_07_onar_and_heartbeat.TestInstallScript" name="test_exim_inotify_service" time="0.000" /><testcase classname="tests.test_v44_00_07_onar_and_heartbeat.TestInstallScript" name="test_gwsm_auto_update_timer" time="0.000" /><testcase classname="tests.test_v44_00_06_feature_flags.TestFeatureFlagConsistency" name="test_enterprise_plan_has_all_features" time="0.002" /><testcase classname="tests.test_v44_00_06_feature_flags.TestFeatureFlagConsistency" name="test_planconfig_js_ui_matches_backend" time="0.002" /><testcase classname="tests.test_v44_00_07_onar_and_heartbeat.TestInstallScript" name="test_gws_exim_push_runs_once_after_install" time="0.000" /><testcase classname="tests.test_v44_00_07_onar_and_heartbeat.TestHeartbeatAlias" name="test_alias_accepts_plugin_version" time="0.259" /><testcase classname="tests.test_v44_00_06_feature_flags.TestFeatureFlagConsistency" name="test_all_three_plans_have_same_key_set" time="0.002" /><testcase classname="tests.test_v44_00_07_onar_and_heartbeat.TestSignalLogMasterOnly" name="test_bayi_forbidden" time="0.508" /><testcase classname="tests.test_v44_00_07_onar_and_heartbeat.TestHeartbeatAlias" name="test_alias_accepts_version_field" time="0.122" /><testcase classname="tests.test_v44_00_07_onar_and_heartbeat.TestHeartbeatAlias" name="test_bad_license_returns_403" time="0.170" /><testcase classname="tests.test_v44_00_07_onar_and_heartbeat.TestSignalLogMasterOnly" name="test_master_ok" time="0.128" /><testcase classname="tests.test_v44_00_07_onar_and_heartbeat.TestFrontendMarkers" name="test_pushhealthwidget_onar_is_button_not_link" time="0.021" /><testcase classname="tests.test_v44_00_07_onar_and_heartbeat.TestFrontendMarkers" name="test_outbound_install_guide_single_command" time="0.001" /><testcase classname="tests.test_v44_00_07_onar_and_heartbeat.TestSmtpTenantScope" name="test_master_and_bayi_isolated" time="0.247" /><testcase classname="tests.test_v44_00_07_onar_and_heartbeat.TestOfflineResellers" name="test_master_ok" time="0.139" /><testcase classname="tests.test_v44_00_07_onar_and_heartbeat.TestOfflineResellers" name="test_bayi_forbidden" time="0.217" /></testsuite></testsuites>