<?xml version="1.0" encoding="utf-8"?><testsuites name="pytest tests"><testsuite name="pytest" errors="0" failures="0" skipped="0" tests="17" time="24.389" timestamp="2026-07-30T07:48:02.187881+00:00" hostname="agent-env-4b81e3e1-7195-4c20-aaba-141696aad14f"><testcase classname="tests.backend_test" name="test_system_mode_is_seller" time="0.206" /><testcase classname="tests.backend_test" name="test_pricing_get_public" time="0.049" /><testcase classname="tests.backend_test" name="test_pricing_put_seller" time="0.193" /><testcase classname="tests.backend_test" name="test_simulate_state_and_status[demo_active-demo_active]" time="0.098" /><testcase classname="tests.backend_test" name="test_simulate_state_and_status[demo_over-ok]" time="0.097" /><testcase classname="tests.backend_test" name="test_simulate_state_and_status[licensed-ok]" time="0.101" /><testcase classname="tests.backend_test" name="test_verify_license_by_ip" time="0.049" /><testcase classname="tests.backend_test" name="test_verify_license_bad_ip" time="0.048" /><testcase classname="tests.backend_test" name="test_blacklist_check_and_delist" time="1.865" /><testcase classname="tests.backend_test" name="test_rules_generate_tr" time="12.791" /><testcase classname="tests.backend_test" name="test_rules_generate_en" time="7.046" /><testcase classname="tests.backend_test" name="test_checkout_create_session_pro_yearly" time="0.554" /><testcase classname="tests.backend_test" name="test_checkout_create_session_starter_monthly" time="0.404" /><testcase classname="tests.backend_test" name="test_checkout_create_session_invalid_plan" time="0.050" /><testcase classname="tests.backend_test" name="test_checkout_transactions_list" time="0.049" /><testcase classname="tests.backend_test" name="test_version_current_endpoint" time="0.048" /><testcase classname="tests.backend_test" name="test_version_manifest_put_and_upgrade_flow" time="0.257" /></testsuite></testsuites>