<?xml version="1.0" encoding="utf-8"?><testsuites name="pytest tests"><testsuite name="pytest" errors="0" failures="0" skipped="0" tests="17" time="2.920" timestamp="2026-07-30T16:09:59.530179+00:00" hostname="agent-env-4b81e3e1-7195-4c20-aaba-141696aad14f"><testcase classname="tests.test_v16_regions_i18n_pdf.TestRegression" name="test_reseller_login" time="0.444" /><testcase classname="tests.test_v16_regions_i18n_pdf.TestRegression" name="test_invoices_list" time="0.612" /><testcase classname="tests.test_v16_regions_i18n_pdf.TestInvoicePDFMultiLang" name="test_pdf_langs[tr]" time="1.135" /><testcase classname="tests.test_v16_regions_i18n_pdf.TestRegression" name="test_analytics_mrr" time="0.061" /><testcase classname="tests.test_v16_regions_i18n_pdf.TestRegression" name="test_plugin_install_info" time="0.064" /><testcase classname="tests.test_v16_regions_i18n_pdf.TestInvoicePDFMultiLang" name="test_pdf_langs[en]" time="0.206" /><testcase classname="tests.test_v16_regions_i18n_pdf.TestRegression" name="test_license_verify" time="0.100" /><testcase classname="tests.test_v16_regions_i18n_pdf.TestRegionNaming" name="test_health_regions" time="0.119" /><testcase classname="tests.test_v16_regions_i18n_pdf.TestInvoicePDFMultiLang" name="test_pdf_langs[de]" time="0.318" /><testcase classname="tests.test_v16_regions_i18n_pdf.TestRegionNaming" name="test_config_endpoint" time="0.081" /><testcase classname="tests.test_v16_regions_i18n_pdf.TestRegionNaming" name="test_verify_served_by" time="0.141" /><testcase classname="tests.test_v16_regions_i18n_pdf.TestDeployArtifacts" name="test_files_present" time="0.000" /><testcase classname="tests.test_v16_regions_i18n_pdf.TestDeployArtifacts" name="test_readme_content" time="0.000" /><testcase classname="tests.test_v16_regions_i18n_pdf.TestDeployArtifacts" name="test_haproxy_healthcheck" time="0.001" /><testcase classname="tests.test_v16_regions_i18n_pdf.TestInvoicePDFMultiLang" name="test_pdf_langs[fr]" time="0.184" /><testcase classname="tests.test_v16_regions_i18n_pdf.TestInvoicePDFMultiLang" name="test_pdf_langs[es]" time="0.172" /><testcase classname="tests.test_v16_regions_i18n_pdf.TestInvoicePDFMultiLang" name="test_pdf_fallback_unsupported_lang" time="0.169" /></testsuite></testsuites>