<?xml version="1.0" encoding="utf-8"?><testsuites name="pytest tests"><testsuite name="pytest" errors="0" failures="0" skipped="0" tests="11" time="21.394" timestamp="2026-07-30T07:31:57.827563+00:00" hostname="agent-env-4b81e3e1-7195-4c20-aaba-141696aad14f"><testcase classname="tests.backend_test" name="test_system_mode_is_seller" time="0.179" /><testcase classname="tests.backend_test" name="test_pricing_get_public" time="0.059" /><testcase classname="tests.backend_test" name="test_pricing_put_seller" time="0.238" /><testcase classname="tests.backend_test" name="test_simulate_state_and_status[demo_active-demo_active]" time="0.120" /><testcase classname="tests.backend_test" name="test_simulate_state_and_status[demo_over-ok]" time="0.118" /><testcase classname="tests.backend_test" name="test_simulate_state_and_status[licensed-ok]" time="0.116" /><testcase classname="tests.backend_test" name="test_verify_license_by_ip" time="0.060" /><testcase classname="tests.backend_test" name="test_verify_license_bad_ip" time="0.073" /><testcase classname="tests.backend_test" name="test_blacklist_check_and_delist" time="1.805" /><testcase classname="tests.backend_test" name="test_rules_generate_tr" time="11.127" /><testcase classname="tests.backend_test" name="test_rules_generate_en" time="7.429" /></testsuite></testsuites>