<?xml version="1.0" encoding="utf-8"?><testsuites name="pytest tests"><testsuite name="pytest" errors="0" failures="0" skipped="0" tests="28" time="2.724" timestamp="2026-07-30T09:21:19.781250+00:00" hostname="agent-env-4b81e3e1-7195-4c20-aaba-141696aad14f"><testcase classname="tests.test_v14_reseller_licenseserver" name="test_ls_health" time="0.004" /><testcase classname="tests.test_v14_reseller_licenseserver" name="test_ls_heartbeat_authorized_ip" time="0.004" /><testcase classname="tests.test_v14_reseller_licenseserver" name="test_ls_heartbeat_unauthorized_ip" time="0.003" /><testcase classname="tests.test_v14_reseller_licenseserver" name="test_ls_heartbeat_unknown_key" time="0.002" /><testcase classname="tests.test_v14_reseller_licenseserver" name="test_ls_verify_idempotent" time="0.004" /><testcase classname="tests.test_v14_reseller_licenseserver" name="test_ls_verify_ip_mismatch" time="0.002" /><testcase classname="tests.test_v14_reseller_licenseserver" name="test_ls_revoke_requires_admin_key" time="0.002" /><testcase classname="tests.test_v14_reseller_licenseserver" name="test_proxy_health" time="0.226" /><testcase classname="tests.test_v14_reseller_licenseserver" name="test_proxy_verify" time="0.074" /><testcase classname="tests.test_v14_reseller_licenseserver" name="test_reseller_register_fake_license_404" time="0.055" /><testcase classname="tests.test_v14_reseller_licenseserver" name="test_reseller_register_success_or_duplicate" time="0.044" /><testcase classname="tests.test_v14_reseller_licenseserver" name="test_reseller_login_existing" time="0.276" /><testcase classname="tests.test_v14_reseller_licenseserver" name="test_reseller_register_duplicate_email" time="0.054" /><testcase classname="tests.test_v14_reseller_licenseserver" name="test_reseller_login_bad_password" time="0.267" /><testcase classname="tests.test_v14_reseller_licenseserver" name="test_reseller_me" time="0.044" /><testcase classname="tests.test_v14_reseller_licenseserver" name="test_reseller_me_requires_bearer" time="0.042" /><testcase classname="tests.test_v14_reseller_licenseserver" name="test_reseller_me_bad_token" time="0.082" /><testcase classname="tests.test_v14_reseller_licenseserver" name="test_reseller_create_subaccount" time="0.067" /><testcase classname="tests.test_v14_reseller_licenseserver" name="test_reseller_create_duplicate_username_409" time="0.056" /><testcase classname="tests.test_v14_reseller_licenseserver" name="test_reseller_list_subaccounts" time="0.049" /><testcase classname="tests.test_v14_reseller_licenseserver" name="test_reseller_scoped_quarantine" time="0.045" /><testcase classname="tests.test_v14_reseller_licenseserver" name="test_reseller_scoped_lists" time="0.058" /><testcase classname="tests.test_v14_reseller_licenseserver" name="test_reseller_add_list_entry" time="0.096" /><testcase classname="tests.test_v14_reseller_licenseserver" name="test_reseller_delete_subaccount" time="0.046" /><testcase classname="tests.test_v14_reseller_licenseserver" name="test_regression_analytics_mrr" time="0.052" /><testcase classname="tests.test_v14_reseller_licenseserver" name="test_regression_plugin_install_info" time="0.051" /><testcase classname="tests.test_v14_reseller_licenseserver" name="test_regression_plugin_download" time="0.055" /><testcase classname="tests.test_v14_reseller_licenseserver" name="test_regression_core_endpoints" time="0.347" /></testsuite></testsuites>