<?xml version="1.0" encoding="utf-8"?><testsuites name="pytest tests"><testsuite name="pytest" errors="0" failures="1" skipped="0" tests="19" time="8.793" timestamp="2026-07-30T15:13:38.904649+00:00" hostname="agent-env-4b81e3e1-7195-4c20-aaba-141696aad14f"><testcase classname="tests.test_v15_invoices_cluster.TestLicenseServerV2" name="test_primary_health" time="0.007" /><testcase classname="tests.test_v15_invoices_cluster.TestRegression" name="test_mrr" time="0.249" /><testcase classname="tests.test_v15_invoices_cluster.TestLicenseServerV2" name="test_secondary_health" time="0.003" /><testcase classname="tests.test_v15_invoices_cluster.TestLicenseServerV2" name="test_cluster_view" time="0.003" /><testcase classname="tests.test_v15_invoices_cluster.TestLicenseServerV2" name="test_upstream_health_proxy" time="0.343" /><testcase classname="tests.test_v15_invoices_cluster.TestRegression" name="test_plugin_install_info" time="0.202" /><testcase classname="tests.test_v15_invoices_cluster.TestLicenseServerV2" name="test_round_robin" time="0.830" /><testcase classname="tests.test_v15_invoices_cluster.TestRegression" name="test_plugin_download" time="0.251" /><testcase classname="tests.test_v15_invoices_cluster.TestRegression" name="test_reseller_me" time="0.594"><failure message="AssertionError: assert None == 'reseller@test.com'&#10; +  where None = &lt;built-in method get of dict object at 0xfabd0d9017c0&gt;('email')&#10; +    where &lt;built-in method get of dict object at 0xfabd0d9017c0&gt; = {'reseller': {'id': '9694dc12-8e10-44e9-82d7-d22d2dc6e1a7', 'email': 'reseller@test.com', 'company': 'Test Bayi Ltd', 'plan': 'enterprise', ...}, 'subaccounts': [{'id': '745a41da-a130-4289-aff5-1400ca2c3682', 'reseller_id': '9694dc12-8e10-44e9-82d7-d22d2dc6e1a7', 'username': 'kullanici1', 'email': 'kullanici1@sirket.com', ...}, {'id': '4265e990-30a3-4f57-9c44-ff22253341c5', 'reseller_id': '9694dc12-8e10-44e9-82d7-d22d2dc6e1a7', 'username': 'uisub42e59', 'email': 'uisub42e59@ex.com', ...}], 'quota': {'max_subaccounts': 999, 'current': 2}}.get&#10; +      where {'reseller': {'id': '9694dc12-8e10-44e9-82d7-d22d2dc6e1a7', 'email': 'reseller@test.com', 'company': 'Test Bayi Ltd', 'plan': 'enterprise', ...}, 'subaccounts': [{'id': '745a41da-a130-4289-aff5-1400ca2c3682', 'reseller_id': '9694dc12-8e10-44e9-82d7-d22d2dc6e1a7', 'username': 'kullanici1', 'email': 'kullanici1@sirket.com', ...}, {'id': '4265e990-30a3-4f57-9c44-ff22253341c5', 'reseller_id': '9694dc12-8e10-44e9-82d7-d22d2dc6e1a7', 'username': 'uisub42e59', 'email': 'uisub42e59@ex.com', ...}], 'quota': {'max_subaccounts': 999, 'current': 2}} = json()&#10; +        where json = &lt;Response [200]&gt;.json">backend/tests/test_v15_invoices_cluster.py:184: in test_reseller_me
    assert r.json().get("email") == RESELLER_EMAIL
E   AssertionError: assert None == 'reseller@test.com'
E    +  where None = &lt;built-in method get of dict object at 0xfabd0d9017c0&gt;('email')
E    +    where &lt;built-in method get of dict object at 0xfabd0d9017c0&gt; = {'reseller': {'id': '9694dc12-8e10-44e9-82d7-d22d2dc6e1a7', 'email': 'reseller@test.com', 'company': 'Test Bayi Ltd', 'plan': 'enterprise', ...}, 'subaccounts': [{'id': '745a41da-a130-4289-aff5-1400ca2c3682', 'reseller_id': '9694dc12-8e10-44e9-82d7-d22d2dc6e1a7', 'username': 'kullanici1', 'email': 'kullanici1@sirket.com', ...}, {'id': '4265e990-30a3-4f57-9c44-ff22253341c5', 'reseller_id': '9694dc12-8e10-44e9-82d7-d22d2dc6e1a7', 'username': 'uisub42e59', 'email': 'uisub42e59@ex.com', ...}], 'quota': {'max_subaccounts': 999, 'current': 2}}.get
E    +      where {'reseller': {'id': '9694dc12-8e10-44e9-82d7-d22d2dc6e1a7', 'email': 'reseller@test.com', 'company': 'Test Bayi Ltd', 'plan': 'enterprise', ...}, 'subaccounts': [{'id': '745a41da-a130-4289-aff5-1400ca2c3682', 'reseller_id': '9694dc12-8e10-44e9-82d7-d22d2dc6e1a7', 'username': 'kullanici1', 'email': 'kullanici1@sirket.com', ...}, {'id': '4265e990-30a3-4f57-9c44-ff22253341c5', 'reseller_id': '9694dc12-8e10-44e9-82d7-d22d2dc6e1a7', 'username': 'uisub42e59', 'email': 'uisub42e59@ex.com', ...}], 'quota': {'max_subaccounts': 999, 'current': 2}} = json()
E    +        where json = &lt;Response [200]&gt;.json</failure></testcase><testcase classname="tests.test_v15_invoices_cluster.TestLicenseServerV2" name="test_redis_cache_hit" time="0.465" /><testcase classname="tests.test_v15_invoices_cluster.TestRegression" name="test_reseller_subaccounts" time="0.178" /><testcase classname="tests.test_v15_invoices_cluster.TestRegression" name="test_reseller_quarantine" time="0.159" /><testcase classname="tests.test_v15_invoices_cluster.TestLicenseServerV2" name="test_failover_primary_down" time="6.507" /><testcase classname="tests.test_v15_invoices_cluster.TestInvoices" name="test_list_invoices" time="0.121" /><testcase classname="tests.test_v15_invoices_cluster.TestInvoices" name="test_get_single_invoice" time="0.141" /><testcase classname="tests.test_v15_invoices_cluster.TestInvoices" name="test_pdf_download" time="0.237" /><testcase classname="tests.test_v15_invoices_cluster.TestInvoices" name="test_pdf_other_reseller_tx_returns_404" time="0.146" /><testcase classname="tests.test_v15_invoices_cluster.TestInvoices" name="test_no_auth_returns_401" time="0.135" /><testcase classname="tests.test_v15_invoices_cluster.TestLicenseServerV2" name="test_primary_back_online" time="0.008" /></testsuite></testsuites>