<?xml version="1.0" encoding="utf-8"?><testsuites name="pytest tests"><testsuite name="pytest" errors="0" failures="0" skipped="0" tests="16" time="1.760" timestamp="2026-07-31T10:29:28.422531+00:00" hostname="agent-env-4b81e3e1-7195-4c20-aaba-141696aad14f"><testcase classname="tests.test_v17_master_publish_mail.TestSmtp" name="test_smtp_get_masked" time="0.208" /><testcase classname="tests.test_v17_master_publish_mail.TestMasterGating" name="test_whoami_without_master_ip" time="0.118" /><testcase classname="tests.test_v17_master_publish_mail.TestMasterGating" name="test_whoami_with_master_ip_and_key" time="0.127" /><testcase classname="tests.test_v17_master_publish_mail.TestSmtp" name="test_smtp_put_preserves_password_when_masked" time="0.282" /><testcase classname="tests.test_v17_master_publish_mail.TestMasterGating" name="test_master_unlock_success_sets_cookie" time="0.099" /><testcase classname="tests.test_v17_master_publish_mail.TestMasterGating" name="test_master_unlock_wrong_ip_forbidden" time="0.098" /><testcase classname="tests.test_v17_master_publish_mail.TestVersionPublish" name="test_publish_without_master_forbidden" time="0.101" /><testcase classname="tests.test_v17_master_publish_mail.TestSmtp" name="test_mail_test_ok" time="0.159" /><testcase classname="tests.test_v17_master_publish_mail.TestVersionPublish" name="test_publish_with_master_dual_urls" time="0.105" /><testcase classname="tests.test_v17_master_publish_mail.TestSmtp" name="test_mail_test_invalid_email" time="0.130" /><testcase classname="tests.test_v17_master_publish_mail.TestVersionPublish" name="test_publish_auto_detect_version" time="0.099" /><testcase classname="tests.test_v17_master_publish_mail.TestEvents" name="test_test_ingest_creates_extended_events" time="0.200" /><testcase classname="tests.test_v17_master_publish_mail.TestMiscEndpoints" name="test_alerts_timeline" time="0.104" /><testcase classname="tests.test_v17_master_publish_mail.TestMiscEndpoints" name="test_reseller_branding_persist" time="0.186" /><testcase classname="tests.test_v17_master_publish_mail.TestEvents" name="test_event_detail_and_mark_spam" time="0.304" /><testcase classname="tests.test_v17_master_publish_mail.TestMiscEndpoints" name="test_engines_no_duplicates" time="0.099" /></testsuite></testsuites>