<?xml version="1.0" encoding="utf-8"?><testsuites name="pytest tests"><testsuite name="pytest" errors="0" failures="0" skipped="0" tests="27" time="19.434" timestamp="2026-07-31T13:40:43.032008+00:00" hostname="agent-env-4b81e3e1-7195-4c20-aaba-141696aad14f"><testcase classname="tests.test_v18_security_mailscanner_queue.TestQueue" name="test_list_queue_mock" time="0.231" /><testcase classname="tests.test_v18_security_mailscanner_queue.TestQueue" name="test_queue_stats" time="0.061" /><testcase classname="tests.test_v18_security_mailscanner_queue.TestQueue" name="test_queue_bulk_actions[remove]" time="0.051" /><testcase classname="tests.test_v18_security_mailscanner_queue.TestQueue" name="test_queue_bulk_actions[deliver]" time="0.052" /><testcase classname="tests.test_v18_security_mailscanner_queue.TestQueue" name="test_queue_bulk_actions[retry]" time="0.049" /><testcase classname="tests.test_v18_security_mailscanner_queue.TestQueue" name="test_queue_bulk_actions[freeze]" time="0.067" /><testcase classname="tests.test_v18_security_mailscanner_queue.TestQueue" name="test_queue_bulk_actions[thaw]" time="0.052" /><testcase classname="tests.test_v18_security_mailscanner_queue.TestQueue" name="test_queue_bulk_actions[bounce]" time="0.051" /><testcase classname="tests.test_v18_security_mailscanner_queue.TestQueue" name="test_queue_bulk_invalid_action" time="0.045" /><testcase classname="tests.test_v18_security_mailscanner_queue.TestQueue" name="test_queue_audit" time="0.045" /><testcase classname="tests.test_v18_security_mailscanner_queue.TestSecurity" name="test_country_catalog" time="0.053" /><testcase classname="tests.test_v18_security_mailscanner_queue.TestSecurity" name="test_country_rules_bulk_with_schedule" time="0.146" /><testcase classname="tests.test_v18_security_mailscanner_queue.TestSecurity" name="test_country_brute_force_scan" time="0.047" /><testcase classname="tests.test_v18_security_mailscanner_queue.TestSecurity" name="test_exploit_scan_run" time="0.136" /><testcase classname="tests.test_v18_security_mailscanner_queue.TestSecurity" name="test_attack_map" time="0.054" /><testcase classname="tests.test_v18_security_mailscanner_queue.TestSecurity" name="test_ip_drilldown" time="0.056" /><testcase classname="tests.test_v18_security_mailscanner_queue.TestMailScanner" name="test_config_get_put" time="0.209" /><testcase classname="tests.test_v18_security_mailscanner_queue.TestMailScanner" name="test_train_bayes_and_status" time="0.103" /><testcase classname="tests.test_v18_security_mailscanner_queue.TestMailScanner" name="test_modules" time="0.053" /><testcase classname="tests.test_v18_security_mailscanner_queue.TestMailScanner" name="test_bec_check_lookalike" time="0.044" /><testcase classname="tests.test_v18_security_mailscanner_queue.TestMailScanner" name="test_url_rewrite_inspect" time="0.091" /><testcase classname="tests.test_v18_security_mailscanner_queue.TestMailScanner" name="test_sandbox_submit_jobs" time="0.088" /><testcase classname="tests.test_v18_security_mailscanner_queue.TestMailScanner" name="test_reputation" time="0.053" /><testcase classname="tests.test_v18_security_mailscanner_queue.TestMailScanner" name="test_siem_export" time="0.151" /><testcase classname="tests.test_v18_security_mailscanner_queue.TestMailScanner" name="test_ai_analyze" time="16.733" /><testcase classname="tests.test_v18_security_mailscanner_queue.TestWeeklyAndPrewarm" name="test_weekly_report_latest_empty_safe" time="0.065" /><testcase classname="tests.test_v18_security_mailscanner_queue.TestWeeklyAndPrewarm" name="test_events_ingest_high_spam_triggers_prewarm" time="0.556" /></testsuite></testsuites>