<?xml version="1.0" encoding="utf-8"?><testsuites name="pytest tests"><testsuite name="pytest" errors="0" failures="0" skipped="0" tests="10" time="1.336" timestamp="2026-08-02T11:29:09.540712+00:00" hostname="agent-env-4b81e3e1-7195-4c20-aaba-141696aad14f"><testcase classname="tests.test_v19_master_cookie_logsrc_mojibake.TestLogSource" name="test_get_default" time="0.124" /><testcase classname="tests.test_v19_master_cookie_logsrc_mojibake.TestMasterUnlockCookie" name="test_unlock_sets_cookie" time="0.199" /><testcase classname="tests.test_v19_master_cookie_logsrc_mojibake.TestLogSource" name="test_post_requires_master" time="0.138" /><testcase classname="tests.test_v19_master_cookie_logsrc_mojibake.TestMasterUnlockCookie" name="test_whoami_via_cookie" time="0.047" /><testcase classname="tests.test_v19_master_cookie_logsrc_mojibake.TestMasterUnlockCookie" name="test_put_license_via_cookie_only" time="0.267" /><testcase classname="tests.test_v19_master_cookie_logsrc_mojibake.TestLogSource" name="test_post_invalid_mode" time="0.096" /><testcase classname="tests.test_v19_master_cookie_logsrc_mojibake.TestLogSource" name="test_post_sets_mode_exim" time="0.341" /><testcase classname="tests.test_v19_master_cookie_logsrc_mojibake.TestMasterUnlockCookie" name="test_write_blocked_without_cookie" time="0.105" /><testcase classname="tests.test_v19_master_cookie_logsrc_mojibake.TestMojibakeFix" name="test_ingest_double_decoded" time="0.255" /><testcase classname="tests.test_v19_master_cookie_logsrc_mojibake.TestMojibakeFix" name="test_events_sort_desc" time="0.102" /></testsuite></testsuites>