<?xml version="1.0" encoding="utf-8"?><testsuites name="pytest tests"><testsuite name="pytest" errors="0" failures="0" skipped="0" tests="12" time="4.866" timestamp="2026-07-31T21:13:05.628018+00:00" hostname="agent-env-4b81e3e1-7195-4c20-aaba-141696aad14f"><testcase classname="tests.test_v19_payments_maintenance_rbl" name="test_payment_config" time="0.251" /><testcase classname="tests.test_v19_payments_maintenance_rbl" name="test_paytr_create_mock" time="0.052" /><testcase classname="tests.test_v19_payments_maintenance_rbl" name="test_havale_create_and_approve" time="0.116" /><testcase classname="tests.test_v19_payments_maintenance_rbl" name="test_db_usage" time="0.099" /><testcase classname="tests.test_v19_payments_maintenance_rbl" name="test_cleanup_requires_confirm" time="0.042" /><testcase classname="tests.test_v19_payments_maintenance_rbl" name="test_cleanup_preserves_settings" time="0.245" /><testcase classname="tests.test_v19_payments_maintenance_rbl" name="test_ip_block_status_unblock" time="0.241" /><testcase classname="tests.test_v19_payments_maintenance_rbl" name="test_test_ingest_turkish" time="0.099" /><testcase classname="tests.test_v19_payments_maintenance_rbl" name="test_rbl_providers" time="0.045" /><testcase classname="tests.test_v19_payments_maintenance_rbl" name="test_rbl_check" time="2.958" /><testcase classname="tests.test_v19_payments_maintenance_rbl" name="test_mail_health_check" time="0.150" /><testcase classname="tests.test_v19_payments_maintenance_rbl" name="test_update_check" time="0.051" /></testsuite></testsuites>