<?xml version="1.0" encoding="utf-8"?><testsuites name="pytest tests"><testsuite name="pytest" errors="0" failures="0" skipped="0" tests="6" time="1.070" timestamp="2026-08-01T01:12:07.516758+00:00" hostname="agent-env-4b81e3e1-7195-4c20-aaba-141696aad14f"><testcase classname="tests.test_v20_havale_autocleanup_geo.TestHavaleAdminFlow" name="test_full_flow" time="0.517" /><testcase classname="tests.test_v20_havale_autocleanup_geo.TestHavaleAdminFlow" name="test_reject_flow" time="0.215" /><testcase classname="tests.test_v20_havale_autocleanup_geo.TestAutoCleanup" name="test_get_default" time="0.046" /><testcase classname="tests.test_v20_havale_autocleanup_geo.TestAutoCleanup" name="test_set_and_get" time="0.097" /><testcase classname="tests.test_v20_havale_autocleanup_geo.TestAutoCleanup" name="test_run_now_archive" time="0.098" /><testcase classname="tests.test_v20_havale_autocleanup_geo.TestGeoHeatmap" name="test_heatmap_returns_items" time="0.044" /></testsuite></testsuites>