<?xml version="1.0" encoding="utf-8"?><testsuites name="pytest tests"><testsuite name="pytest" errors="0" failures="0" skipped="0" tests="12" time="60.978" timestamp="2026-08-02T17:32:32.948929+00:00" hostname="agent-env-4b81e3e1-7195-4c20-aaba-141696aad14f"><testcase classname="tests.test_v20_blacklist_planfeatures.TestBlacklist" name="test_check_ip_returns_200_not_423" time="1.365" /><testcase classname="tests.test_v20_blacklist_planfeatures.TestRegressions" name="test_plugin_status" time="0.143" /><testcase classname="tests.test_v20_blacklist_planfeatures.TestRegressions" name="test_license_violations" time="0.050" /><testcase classname="tests.test_v20_blacklist_planfeatures.TestRegressions" name="test_maintenance_cleanup" time="0.090" /><testcase classname="tests.test_v20_blacklist_planfeatures.TestRegressions" name="test_licenses_crud_flow" time="60.289" /><testcase classname="tests.test_v20_blacklist_planfeatures.TestBlacklist" name="test_requests_list_returns_200_array" time="0.046" /><testcase classname="tests.test_v20_blacklist_planfeatures.TestBlacklist" name="test_post_update_nonexistent_returns_404" time="0.046" /><testcase classname="tests.test_v20_blacklist_planfeatures.TestBlacklist" name="test_put_update_nonexistent_still_works" time="0.046" /><testcase classname="tests.test_v20_blacklist_planfeatures.TestBlacklist" name="test_delist_creation_returns_200" time="0.092" /><testcase classname="tests.test_v20_blacklist_planfeatures.TestBlacklist" name="test_post_update_existing_via_delist" time="0.089" /><testcase classname="tests.test_v20_blacklist_planfeatures.TestPlanFeatures" name="test_default_starter" time="0.042" /><testcase classname="tests.test_v20_blacklist_planfeatures.TestPlanFeatures" name="test_pro_license" time="0.044" /></testsuite></testsuites>