<?xml version="1.0" encoding="utf-8"?><testsuites name="pytest tests"><testsuite name="pytest" errors="0" failures="0" skipped="0" tests="6" time="1.487" timestamp="2026-08-01T10:27:03.631205+00:00" hostname="agent-env-4b81e3e1-7195-4c20-aaba-141696aad14f"><testcase classname="tests.test_v21_trust_geo_detail" name="test_trust_snapshot_upsert" time="0.217" /><testcase classname="tests.test_v21_trust_geo_detail" name="test_trust_snapshot_upsert_idempotent_same_day" time="0.390" /><testcase classname="tests.test_v21_trust_geo_detail" name="test_trust_history_30_days" time="0.095" /><testcase classname="tests.test_v21_trust_geo_detail" name="test_geo_country_detail_us" time="0.130" /><testcase classname="tests.test_v21_trust_geo_detail" name="test_geo_country_detail_empty_country" time="0.135" /><testcase classname="tests.test_v21_trust_geo_detail" name="test_auto_cleanup_run_now_with_email" time="0.417" /></testsuite></testsuites>