<?xml version="1.0" encoding="utf-8"?><testsuites name="pytest tests"><testsuite name="pytest" errors="0" failures="0" skipped="0" tests="8" time="2.059" timestamp="2026-08-01T11:29:14.988209+00:00" hostname="agent-env-4b81e3e1-7195-4c20-aaba-141696aad14f"><testcase classname="tests.test_v22_livecounter_master_whitelist.TestPublicBlockedStats" name="test_shape" time="0.222" /><testcase classname="tests.test_v22_livecounter_master_whitelist.TestIPWhitelist" name="test_whitelist_flow" time="0.528" /><testcase classname="tests.test_v22_livecounter_master_whitelist.TestTrustScoreAlert" name="test_alert_fires_when_score_drops" time="0.484" /><testcase classname="tests.test_v22_livecounter_master_whitelist.TestMaster" name="test_check" time="0.129" /><testcase classname="tests.test_v22_livecounter_master_whitelist.TestMaster" name="test_status" time="0.101" /><testcase classname="tests.test_v22_livecounter_master_whitelist.TestMaster" name="test_update_check_cache" time="0.191" /><testcase classname="tests.test_v22_livecounter_master_whitelist.TestMaster" name="test_heartbeat" time="0.256" /><testcase classname="tests.test_v22_livecounter_master_whitelist.TestMaster" name="test_threat_feed" time="0.102" /></testsuite></testsuites>