<?xml version="1.0" encoding="utf-8"?><testsuites name="pytest tests"><testsuite name="pytest" errors="0" failures="0" skipped="0" tests="8" time="1.088" timestamp="2026-08-01T12:45:10.303146+00:00" hostname="agent-env-4b81e3e1-7195-4c20-aaba-141696aad14f"><testcase classname="tests.test_v23_reseller_panel_whitelist_history.TestMasterHeartbeats" name="test_heartbeats_shape" time="0.310" /><testcase classname="tests.test_v23_reseller_panel_whitelist_history.TestPublishVersion" name="test_publish_and_update_check" time="0.102" /><testcase classname="tests.test_v23_reseller_panel_whitelist_history.TestPublishVersion" name="test_releases" time="0.051" /><testcase classname="tests.test_v23_reseller_panel_whitelist_history.TestWhitelist" name="test_whitelist_list" time="0.128" /><testcase classname="tests.test_v23_reseller_panel_whitelist_history.TestWhitelist" name="test_whitelist_remove" time="0.170" /><testcase classname="tests.test_v23_reseller_panel_whitelist_history.TestBlockedStatsRegion" name="test_region_all" time="0.065" /><testcase classname="tests.test_v23_reseller_panel_whitelist_history.TestBlockedStatsRegion" name="test_region_tr" time="0.058" /><testcase classname="tests.test_v23_reseller_panel_whitelist_history.TestBlockedStatsRegion" name="test_region_external" time="0.059" /></testsuite></testsuites>