<?xml version="1.0" encoding="utf-8"?><testsuites name="pytest tests"><testsuite name="pytest" errors="0" failures="0" skipped="0" tests="7" time="1.123" timestamp="2026-08-01T12:55:44.358184+00:00" hostname="agent-env-4b81e3e1-7195-4c20-aaba-141696aad14f"><testcase classname="tests.test_v24_smartpos_heartbeats_smtp.TestSmartPosRoute" name="test_route_prefer_havale" time="0.284" /><testcase classname="tests.test_v24_smartpos_heartbeats_smtp.TestSmtpAutoMode" name="test_get_smtp_has_auto_mode" time="0.217" /><testcase classname="tests.test_v24_smartpos_heartbeats_smtp.TestSmtpAutoMode" name="test_put_smtp_auto_mode_false" time="0.282" /><testcase classname="tests.test_v24_smartpos_heartbeats_smtp.TestSmartPosRoute" name="test_route_default_no_prefer" time="0.047" /><testcase classname="tests.test_v24_smartpos_heartbeats_smtp.TestSmartPosProviders" name="test_providers_returns_5" time="0.050" /><testcase classname="tests.test_v24_smartpos_heartbeats_smtp.TestSmartPosStats" name="test_stats_shape" time="0.051" /><testcase classname="tests.test_v24_smartpos_heartbeats_smtp.TestHeartbeatsExpiry" name="test_heartbeats_expiry_fields" time="0.050" /></testsuite></testsuites>