<?xml version="1.0" encoding="utf-8"?><testsuites name="pytest tests"><testsuite name="pytest" errors="0" failures="1" skipped="0" tests="12" time="1.490" timestamp="2026-08-01T17:24:56.041721+00:00" hostname="agent-env-4b81e3e1-7195-4c20-aaba-141696aad14f"><testcase classname="tests.test_v25_payments_smartpos_statement" name="test_payments_config" time="0.251" /><testcase classname="tests.test_v25_payments_smartpos_statement" name="test_smart_pos_providers_list" time="0.055" /><testcase classname="tests.test_v25_payments_smartpos_statement" name="test_provider_config_get_paytr" time="0.044" /><testcase classname="tests.test_v25_payments_smartpos_statement" name="test_provider_config_get_unknown" time="0.047" /><testcase classname="tests.test_v25_payments_smartpos_statement" name="test_provider_config_post_and_test_paytr" time="0.146" /><testcase classname="tests.test_v25_payments_smartpos_statement" name="test_provider_test_missing_fields" time="0.046" /><testcase classname="tests.test_v25_payments_smartpos_statement" name="test_havale_statement_match_no_refs" time="0.040" /><testcase classname="tests.test_v25_payments_smartpos_statement" name="test_havale_statement_match_full_flow" time="0.089"><failure message="assert 70 == 100">backend/tests/test_v25_payments_smartpos_statement.py:172: in test_havale_statement_match_full_flow
    assert row["confidence"] == 100
E   assert 70 == 100</failure></testcase><testcase classname="tests.test_v25_payments_smartpos_statement" name="test_havale_statement_upload_txt" time="0.041" /><testcase classname="tests.test_v25_payments_smartpos_statement" name="test_havale_statement_upload_csv_turkish_encoding" time="0.047" /><testcase classname="tests.test_v25_payments_smartpos_statement" name="test_havale_statement_upload_pdf" time="0.095" /><testcase classname="tests.test_v25_payments_smartpos_statement" name="test_havale_statement_upload_empty" time="0.046" /></testsuite></testsuites>