<?xml version="1.0" encoding="utf-8"?><testsuites name="pytest tests"><testsuite name="pytest" errors="0" failures="0" skipped="0" tests="13" time="2.127" timestamp="2026-08-03T05:45:37.379733+00:00" hostname="agent-env-4b81e3e1-7195-4c20-aaba-141696aad14f"><testcase classname="tests.test_v27_masterlive_violations_cleanup.TestResellersLive" name="test_without_master_key_returns_403" time="0.244" /><testcase classname="tests.test_v27_masterlive_violations_cleanup.TestRegression" name="test_plugin_status" time="0.251" /><testcase classname="tests.test_v27_masterlive_violations_cleanup.TestResellersLive" name="test_with_master_key_query_hours[1]" time="0.049" /><testcase classname="tests.test_v27_masterlive_violations_cleanup.TestRegression" name="test_plan_features_pro" time="0.087" /><testcase classname="tests.test_v27_masterlive_violations_cleanup.TestResellersLive" name="test_with_master_key_query_hours[24]" time="0.047" /><testcase classname="tests.test_v27_masterlive_violations_cleanup.TestRegression" name="test_blacklist_requests_list" time="0.045" /><testcase classname="tests.test_v27_masterlive_violations_cleanup.TestResellersLive" name="test_with_master_key_query_hours[168]" time="0.046" /><testcase classname="tests.test_v27_masterlive_violations_cleanup.TestRegression" name="test_blacklist_check" time="1.254" /><testcase classname="tests.test_v27_masterlive_violations_cleanup.TestResellersLive" name="test_with_license_key_query" time="0.045" /><testcase classname="tests.test_v27_masterlive_violations_cleanup.TestViolationsAutoCleanup" name="test_manual_trigger_ok" time="0.047" /><testcase classname="tests.test_v27_masterlive_violations_cleanup.TestViolationsAutoCleanup" name="test_idempotent_second_call" time="0.092" /><testcase classname="tests.test_v27_masterlive_violations_cleanup.TestRegression" name="test_licenses_list_master" time="0.045" /><testcase classname="tests.test_v27_masterlive_violations_cleanup.TestRegression" name="test_licenses_update_no_500" time="0.096" /></testsuite></testsuites>