<?xml version="1.0" encoding="utf-8"?><testsuites name="pytest tests"><testsuite name="pytest" errors="0" failures="0" skipped="0" tests="18" time="2.556" timestamp="2026-08-03T06:08:52.466507+00:00" hostname="agent-env-4b81e3e1-7195-4c20-aaba-141696aad14f"><testcase classname="tests.test_v28_plan_funnel_threat_alerts.TestPlanEvents" name="test_gate_view_no_auth" time="0.215" /><testcase classname="tests.test_v28_plan_funnel_threat_alerts.TestPlanEvents" name="test_all_valid_events" time="0.267" /><testcase classname="tests.test_v28_plan_funnel_threat_alerts.TestPlanEvents" name="test_invalid_event_400" time="0.044" /><testcase classname="tests.test_v28_plan_funnel_threat_alerts.TestPlanFunnel" name="test_anon_403" time="0.045" /><testcase classname="tests.test_v28_plan_funnel_threat_alerts.TestPlanFunnel" name="test_master_returns_schema" time="0.046" /><testcase classname="tests.test_v28_plan_funnel_threat_alerts.TestThreatAlerts" name="test_list_anon_403" time="0.045" /><testcase classname="tests.test_v28_plan_funnel_threat_alerts.TestThreatAlerts" name="test_list_master" time="0.046" /><testcase classname="tests.test_v28_plan_funnel_threat_alerts.TestThreatAlerts" name="test_list_master_unseen_only" time="0.044" /><testcase classname="tests.test_v28_plan_funnel_threat_alerts.TestThreatAlerts" name="test_scan_master_dedupe" time="0.049" /><testcase classname="tests.test_v28_plan_funnel_threat_alerts.TestThreatAlerts" name="test_scan_anon_403" time="0.044" /><testcase classname="tests.test_v28_plan_funnel_threat_alerts.TestThreatAlerts" name="test_ack_bad_id_404" time="0.047" /><testcase classname="tests.test_v28_plan_funnel_threat_alerts.TestThreatAlerts" name="test_ack_all_master" time="0.049" /><testcase classname="tests.test_v28_plan_funnel_threat_alerts.TestRegression" name="test_plugin_status" time="0.047" /><testcase classname="tests.test_v28_plan_funnel_threat_alerts.TestRegression" name="test_blacklist_check" time="1.305" /><testcase classname="tests.test_v28_plan_funnel_threat_alerts.TestRegression" name="test_licenses_list" time="0.044" /><testcase classname="tests.test_v28_plan_funnel_threat_alerts.TestRegression" name="test_plan_features" time="0.045" /><testcase classname="tests.test_v28_plan_funnel_threat_alerts.TestRegression" name="test_resellers_live" time="0.046" /><testcase classname="tests.test_v28_plan_funnel_threat_alerts.TestRegression" name="test_violations_auto_cleanup" time="0.048" /></testsuite></testsuites>