<?xml version="1.0" encoding="utf-8"?><testsuites name="pytest tests"><testsuite name="pytest" errors="0" failures="0" skipped="0" tests="16" time="3.441" timestamp="2026-08-03T06:48:33.377200+00:00" hostname="agent-env-4b81e3e1-7195-4c20-aaba-141696aad14f"><testcase classname="tests.test_v29_broadcast_refresh_demo_guard.TestRegression" name="test_plugin_status" time="0.141" /><testcase classname="tests.test_v29_broadcast_refresh_demo_guard.TestBroadcastRefresh" name="test_non_master_returns_403" time="0.183" /><testcase classname="tests.test_v29_broadcast_refresh_demo_guard.TestRegression" name="test_licenses_list_master" time="0.044" /><testcase classname="tests.test_v29_broadcast_refresh_demo_guard.TestBroadcastRefresh" name="test_bad_id_returns_404" time="0.048" /><testcase classname="tests.test_v29_broadcast_refresh_demo_guard.TestRegression" name="test_licenses_toggle_active" time="0.215" /><testcase classname="tests.test_v29_broadcast_refresh_demo_guard.TestBroadcastRefresh" name="test_master_bumps_license_version" time="0.635" /><testcase classname="tests.test_v29_broadcast_refresh_demo_guard.TestRegression" name="test_licenses_update" time="0.045" /><testcase classname="tests.test_v29_broadcast_refresh_demo_guard.TestRegression" name="test_admin_resellers_live" time="0.044" /><testcase classname="tests.test_v29_broadcast_refresh_demo_guard.TestRegression" name="test_admin_plan_funnel" time="0.044" /><testcase classname="tests.test_v29_broadcast_refresh_demo_guard.TestRegression" name="test_admin_threat_alerts" time="0.044" /><testcase classname="tests.test_v29_broadcast_refresh_demo_guard.TestRegression" name="test_analytics_plan_event" time="0.082" /><testcase classname="tests.test_v29_broadcast_refresh_demo_guard.TestRegression" name="test_blacklist_check" time="2.430" /><testcase classname="tests.test_v29_broadcast_refresh_demo_guard.TestBroadcastRefresh" name="test_license_events_recorded" time="0.048" /><testcase classname="tests.test_v29_broadcast_refresh_demo_guard.TestDemoWriteGuardLicensed" name="test_status_is_licensed_seller" time="0.083" /><testcase classname="tests.test_v29_broadcast_refresh_demo_guard.TestDemoWriteGuardLicensed" name="test_engine_toggle_without_master_returns_200" time="0.050" /><testcase classname="tests.test_v29_broadcast_refresh_demo_guard.TestDemoWriteGuardLicensed" name="test_license_version_field_present" time="0.000" /></testsuite></testsuites>