<?xml version="1.0" encoding="utf-8"?><testsuites name="pytest tests"><testsuite name="pytest" errors="0" failures="0" skipped="0" tests="12" time="8.998" timestamp="2026-08-03T07:14:47.729496+00:00" hostname="agent-env-4b81e3e1-7195-4c20-aaba-141696aad14f"><testcase classname="tests.test_v30_renewal.TestRenewalInfo" name="test_default_state_no_banner" time="1.141" /><testcase classname="tests.test_v30_renewal.TestRenewalInfo" name="test_info_severity_at_30_days" time="1.084" /><testcase classname="tests.test_v30_renewal.TestRenewalInfo" name="test_warning_at_10_days" time="1.078" /><testcase classname="tests.test_v30_renewal.TestRenewalInfo" name="test_critical_at_3_days" time="1.082" /><testcase classname="tests.test_v30_renewal.TestSubscriptionRenew" name="test_renew_yearly" time="1.689" /><testcase classname="tests.test_v30_renewal.TestSubscriptionRenew" name="test_renew_monthly" time="0.556" /><testcase classname="tests.test_v30_renewal.TestRegression" name="test_plugin_status_has_license_version" time="1.119" /><testcase classname="tests.test_v30_renewal.TestRegression" name="test_admin_threat_alerts" time="0.097" /><testcase classname="tests.test_v30_renewal.TestRegression" name="test_admin_plan_funnel" time="0.098" /><testcase classname="tests.test_v30_renewal.TestRegression" name="test_analytics_plan_event" time="0.098" /><testcase classname="tests.test_v30_renewal.TestRegression" name="test_engines_toggle" time="0.096" /><testcase classname="tests.test_v30_renewal.TestRegression" name="test_broadcast_refresh_requires_master" time="0.784" /></testsuite></testsuites>