<?xml version="1.0" encoding="utf-8"?><testsuites name="pytest tests"><testsuite name="pytest" errors="0" failures="0" skipped="0" tests="28" time="3.563" timestamp="2026-08-03T07:51:25.523305+00:00" hostname="agent-env-4b81e3e1-7195-4c20-aaba-141696aad14f"><testcase classname="tests.test_v31_multitenancy_planmatrix.TestEnginesIsolation" name="test_engines_master_owner_empty" time="0.006" /><testcase classname="tests.test_v31_multitenancy_planmatrix.TestEnginesIsolation" name="test_engines_bayi_owner_matches_installed" time="0.007" /><testcase classname="tests.test_v31_multitenancy_planmatrix.TestEnginesIsolation" name="test_toggle_bayi_does_not_affect_master" time="0.016" /><testcase classname="tests.test_v31_multitenancy_planmatrix.TestSettingsIsolation" name="test_master_settings_get" time="0.003" /><testcase classname="tests.test_v31_multitenancy_planmatrix.TestSettingsIsolation" name="test_bayi_settings_bootstrap" time="0.005" /><testcase classname="tests.test_v31_multitenancy_planmatrix.TestSettingsIsolation" name="test_bayi_settings_update_does_not_affect_master" time="0.015" /><testcase classname="tests.test_v31_multitenancy_planmatrix.TestRulesIsolation" name="test_bayi_create_rule" time="0.007" /><testcase classname="tests.test_v31_multitenancy_planmatrix.TestRulesIsolation" name="test_master_can_create_on_behalf_of_other_bayi" time="0.079" /><testcase classname="tests.test_v31_multitenancy_planmatrix.TestRulesIsolation" name="test_bayi_get_rules_scoped" time="0.005" /><testcase classname="tests.test_v31_multitenancy_planmatrix.TestRulesIsolation" name="test_master_get_rules_all" time="0.003" /><testcase classname="tests.test_v31_multitenancy_planmatrix.TestRulesIsolation" name="test_bayi_cannot_delete_other_bayi_rule" time="0.005" /><testcase classname="tests.test_v31_multitenancy_planmatrix.TestRulesIsolation" name="test_bayi_can_update_own_rule_via_post_alt" time="0.010" /><testcase classname="tests.test_v31_multitenancy_planmatrix.TestRulesIsolation" name="test_bayi_can_delete_own_rule_via_post_alt" time="0.009" /><testcase classname="tests.test_v31_multitenancy_planmatrix.TestPlanMatrix" name="test_matrix_non_master_forbidden" time="0.002" /><testcase classname="tests.test_v31_multitenancy_planmatrix.TestPlanMatrix" name="test_matrix_get_master" time="0.003" /><testcase classname="tests.test_v31_multitenancy_planmatrix.TestPlanMatrix" name="test_matrix_save_and_reflect" time="0.016" /><testcase classname="tests.test_v31_multitenancy_planmatrix.TestPlanMatrix" name="test_matrix_reset" time="0.008" /><testcase classname="tests.test_v31_multitenancy_planmatrix.TestPlanMatrix" name="test_matrix_save_ignores_arbitrary_keys" time="0.009" /><testcase classname="tests.test_v31_multitenancy_planmatrix.TestRegression" name="test_endpoint_200[/plugin/status-params0]" time="0.004" /><testcase classname="tests.test_v31_multitenancy_planmatrix.TestRegression" name="test_endpoint_200[/plugin/renewal-info-params1]" time="0.004" /><testcase classname="tests.test_v31_multitenancy_planmatrix.TestRegression" name="test_endpoint_200[/licenses-params2]" time="0.003" /><testcase classname="tests.test_v31_multitenancy_planmatrix.TestRegression" name="test_endpoint_200[/admin/resellers-live-params3]" time="0.005" /><testcase classname="tests.test_v31_multitenancy_planmatrix.TestRegression" name="test_endpoint_200[/admin/threat-alerts-params4]" time="0.003" /><testcase classname="tests.test_v31_multitenancy_planmatrix.TestRegression" name="test_endpoint_200[/admin/plan-funnel-params5]" time="0.005" /><testcase classname="tests.test_v31_multitenancy_planmatrix.TestRegression" name="test_blacklist_check_post" time="1.220" /><testcase classname="tests.test_v31_multitenancy_planmatrix.TestRegression" name="test_plan_event_analytics" time="0.004" /><testcase classname="tests.test_v31_multitenancy_planmatrix.TestRegression" name="test_subscription_renew_no_email_still_returns_400" time="0.648" /><testcase classname="tests.test_v31_multitenancy_planmatrix.TestRegression" name="test_migrations_idempotent" time="1.388" /></testsuite></testsuites>