<?xml version="1.0" encoding="utf-8"?><testsuites name="pytest tests"><testsuite name="pytest" errors="0" failures="1" skipped="0" tests="29" time="2.191" timestamp="2026-08-03T08:31:24.406605+00:00" hostname="agent-env-4b81e3e1-7195-4c20-aaba-141696aad14f"><testcase classname="tests.test_v32_impersonation_history_bayiserver.TestBayiServer" name="test_register_requires_license" time="0.015" /><testcase classname="tests.test_v32_impersonation_history_bayiserver.TestRegression" name="test_get_endpoints_200[/plugin/status-params0]" time="0.012" /><testcase classname="tests.test_v32_impersonation_history_bayiserver.TestRegression" name="test_get_endpoints_200[/plugin/renewal-info-params1]" time="0.005" /><testcase classname="tests.test_v32_impersonation_history_bayiserver.TestBayiServer" name="test_register_is_idempotent" time="0.008" /><testcase classname="tests.test_v32_impersonation_history_bayiserver.TestRegression" name="test_get_endpoints_200[/plan/features-params2]" time="0.004" /><testcase classname="tests.test_v32_impersonation_history_bayiserver.TestRegression" name="test_get_endpoints_200[/engines-params3]" time="0.003" /><testcase classname="tests.test_v32_impersonation_history_bayiserver.TestBayiServer" name="test_my_server_returns_install_commands" time="0.005" /><testcase classname="tests.test_v32_impersonation_history_bayiserver.TestRegression" name="test_get_endpoints_200[/settings-params4]" time="0.003" /><testcase classname="tests.test_v32_impersonation_history_bayiserver.TestRegression" name="test_get_endpoints_200[/rules-params5]" time="0.003" /><testcase classname="tests.test_v32_impersonation_history_bayiserver.TestBayiServer" name="test_master_lists_bayi_servers" time="0.004" /><testcase classname="tests.test_v32_impersonation_history_bayiserver.TestRegression" name="test_get_endpoints_200[/licenses-params6]" time="0.003" /><testcase classname="tests.test_v32_impersonation_history_bayiserver.TestBayiServer" name="test_admin_lists_non_master_forbidden" time="0.003" /><testcase classname="tests.test_v32_impersonation_history_bayiserver.TestRegression" name="test_get_endpoints_200[/admin/resellers-live-params7]" time="0.005" /><testcase classname="tests.test_v32_impersonation_history_bayiserver.TestBayiServer" name="test_master_verify_bayi_server" time="0.007" /><testcase classname="tests.test_v32_impersonation_history_bayiserver.TestRegression" name="test_get_endpoints_200[/admin/threat-alerts-params8]" time="0.003" /><testcase classname="tests.test_v32_impersonation_history_bayiserver.TestBayiServer" name="test_verify_unknown_id_404" time="0.005" /><testcase classname="tests.test_v32_impersonation_history_bayiserver.TestRegression" name="test_get_endpoints_200[/admin/plan-funnel-params9]" time="0.006" /><testcase classname="tests.test_v32_impersonation_history_bayiserver.TestImpersonation" name="test_start_requires_target" time="0.006" /><testcase classname="tests.test_v32_impersonation_history_bayiserver.TestRegression" name="test_blacklist_check" time="1.207" /><testcase classname="tests.test_v32_impersonation_history_bayiserver.TestImpersonation" name="test_start_non_master_forbidden" time="0.004" /><testcase classname="tests.test_v32_impersonation_history_bayiserver.TestImpersonation" name="test_full_impersonation_lifecycle" time="0.355" /><testcase classname="tests.test_v32_impersonation_history_bayiserver.TestImpersonation" name="test_start_unknown_target_404" time="0.005" /><testcase classname="tests.test_v32_impersonation_history_bayiserver.TestPlanMatrixHistory" name="test_history_non_master_forbidden" time="0.002" /><testcase classname="tests.test_v32_impersonation_history_bayiserver.TestPlanMatrixHistory" name="test_save_returns_changes_count_and_logs_history" time="0.012" /><testcase classname="tests.test_v32_impersonation_history_bayiserver.TestPlanMatrixHistory" name="test_reset_logs_action_reset" time="0.007" /><testcase classname="tests.test_v32_impersonation_history_bayiserver.TestPlanFeaturesExpanded" name="test_default_matrix_has_30plus_keys" time="0.093" /><testcase classname="tests.test_v32_impersonation_history_bayiserver.TestRegression" name="test_analytics_plan_event" time="0.003" /><testcase classname="tests.test_v32_impersonation_history_bayiserver.TestRegression" name="test_broadcast_refresh_needs_master" time="0.008" /><testcase classname="tests.test_v32_impersonation_history_bayiserver.TestRegression" name="test_master_unlock" time="0.080"><failure message="AssertionError: {&quot;detail&quot;:[{&quot;type&quot;:&quot;missing&quot;,&quot;loc&quot;:[&quot;body&quot;],&quot;msg&quot;:&quot;Field required&quot;,&quot;input&quot;:null,&quot;url&quot;:&quot;https://errors.pydantic.dev/2.13/v/missing&quot;}]}&#10;assert 422 in (200, 400, 404)&#10; +  where 422 = &lt;Response [422]&gt;.status_code">tests/test_v32_impersonation_history_bayiserver.py:301: in test_master_unlock
    assert r.status_code in (200, 400, 404), r.text[:200]
E   AssertionError: {"detail":[{"type":"missing","loc":["body"],"msg":"Field required","input":null,"url":"https://errors.pydantic.dev/2.13/v/missing"}]}
E   assert 422 in (200, 400, 404)
E    +  where 422 = &lt;Response [422]&gt;.status_code</failure></testcase></testsuite></testsuites>