<?xml version="1.0" encoding="utf-8"?><testsuites name="pytest tests"><testsuite name="pytest" errors="0" failures="0" skipped="0" tests="21" time="3.959" timestamp="2026-08-03T10:10:05.158397+00:00" hostname="agent-env-4b81e3e1-7195-4c20-aaba-141696aad14f"><testcase classname="tests.test_v33_tenant_stats_feature_gates_stripe.TestFeatureGates" name="test_blacklist_check_gated_for_bayi" time="1.238" /><testcase classname="tests.test_v33_tenant_stats_feature_gates_stripe.TestRegression" name="test_bayi_endpoints_200[/api/plugin/status]" time="0.009" /><testcase classname="tests.test_v33_tenant_stats_feature_gates_stripe.TestRegression" name="test_bayi_endpoints_200[/api/plan/features]" time="0.004" /><testcase classname="tests.test_v33_tenant_stats_feature_gates_stripe.TestRegression" name="test_bayi_endpoints_200[/api/engines]" time="0.005" /><testcase classname="tests.test_v33_tenant_stats_feature_gates_stripe.TestRegression" name="test_bayi_endpoints_200[/api/settings]" time="0.006" /><testcase classname="tests.test_v33_tenant_stats_feature_gates_stripe.TestRegression" name="test_bayi_endpoints_200[/api/rules]" time="0.008" /><testcase classname="tests.test_v33_tenant_stats_feature_gates_stripe.TestRegression" name="test_bayi_endpoints_200[/api/plugin/renewal-info]" time="0.004" /><testcase classname="tests.test_v33_tenant_stats_feature_gates_stripe.TestRegression" name="test_master_endpoints_200[/api/admin/plan-matrix]" time="0.003" /><testcase classname="tests.test_v33_tenant_stats_feature_gates_stripe.TestRegression" name="test_master_endpoints_200[/api/admin/plan-matrix/history]" time="0.003" /><testcase classname="tests.test_v33_tenant_stats_feature_gates_stripe.TestRegression" name="test_master_endpoints_200[/api/admin/bayi-servers]" time="0.004" /><testcase classname="tests.test_v33_tenant_stats_feature_gates_stripe.TestRegression" name="test_master_endpoints_200[/api/admin/impersonate/status]" time="0.002" /><testcase classname="tests.test_v33_tenant_stats_feature_gates_stripe.TestRegression" name="test_master_endpoints_200[/api/admin/resellers-live]" time="0.005" /><testcase classname="tests.test_v33_tenant_stats_feature_gates_stripe.TestRegression" name="test_master_endpoints_200[/api/admin/threat-alerts]" time="0.005" /><testcase classname="tests.test_v33_tenant_stats_feature_gates_stripe.TestRegression" name="test_master_endpoints_200[/api/admin/plan-funnel]" time="0.007" /><testcase classname="tests.test_v33_tenant_stats_feature_gates_stripe.TestRegression" name="test_bayi_my_server" time="0.004" /><testcase classname="tests.test_v33_tenant_stats_feature_gates_stripe.TestStripeRenew" name="test_subscription_renew_yearly" time="0.544" /><testcase classname="tests.test_v33_tenant_stats_feature_gates_stripe.TestStripeRenew" name="test_pricing_plans_nonzero" time="0.003" /><testcase classname="tests.test_v33_tenant_stats_feature_gates_stripe.TestStatsTenantScope" name="test_stats_overview_master_vs_bayi_differs" time="0.016" /><testcase classname="tests.test_v33_tenant_stats_feature_gates_stripe.TestFeatureGates" name="test_blacklist_check_master_bypass" time="2.350" /><testcase classname="tests.test_v33_tenant_stats_feature_gates_stripe.TestFeatureGates" name="test_blacklist_delist_gated_for_bayi" time="0.016" /><testcase classname="tests.test_v33_tenant_stats_feature_gates_stripe.TestFeatureGates" name="test_custom_rules_gated_for_bayi" time="0.040" /></testsuite></testsuites>