<?xml version="1.0" encoding="utf-8"?><testsuites name="pytest tests"><testsuite name="pytest" errors="0" failures="0" skipped="0" tests="23" time="2.782" timestamp="2026-08-03T10:41:23.236273+00:00" hostname="agent-env-4b81e3e1-7195-4c20-aaba-141696aad14f"><testcase classname="tests.test_v34_widget_seed_stripe.TestStripeConfig" name="test_get_requires_master" time="0.005" /><testcase classname="tests.test_v34_widget_seed_stripe.TestRegression" name="test_plugin_status" time="0.006" /><testcase classname="tests.test_v34_widget_seed_stripe.TestStripeConfig" name="test_get_master_env_source" time="0.044" /><testcase classname="tests.test_v34_widget_seed_stripe.TestRegression" name="test_plan_features" time="0.043" /><testcase classname="tests.test_v34_widget_seed_stripe.TestStripeConfig" name="test_post_invalid_format_400" time="0.047" /><testcase classname="tests.test_v34_widget_seed_stripe.TestRegression" name="test_admin_plan_matrix" time="0.043" /><testcase classname="tests.test_v34_widget_seed_stripe.TestRegression" name="test_stats_overview" time="0.049" /><testcase classname="tests.test_v34_widget_seed_stripe.TestStripeConfig" name="test_post_valid_test_key_persists" time="0.090" /><testcase classname="tests.test_v34_widget_seed_stripe.TestRegression" name="test_engines" time="0.044" /><testcase classname="tests.test_v34_widget_seed_stripe.TestStripeConfig" name="test_post_non_master_403" time="0.046" /><testcase classname="tests.test_v34_widget_seed_stripe.TestRegression" name="test_settings" time="0.046" /><testcase classname="tests.test_v34_widget_seed_stripe.TestVerificationWidget" name="test_my_server_returns_verification_block" time="0.047" /><testcase classname="tests.test_v34_widget_seed_stripe.TestRegression" name="test_rules" time="0.044" /><testcase classname="tests.test_v34_widget_seed_stripe.TestRegression" name="test_blacklist_check" time="1.317" /><testcase classname="tests.test_v34_widget_seed_stripe.TestVerificationWidget" name="test_ingest_then_status_flips_to_live" time="1.060" /><testcase classname="tests.test_v34_widget_seed_stripe.TestBlockedStatsBaseline" name="test_region_all_has_baseline" time="0.051" /><testcase classname="tests.test_v34_widget_seed_stripe.TestBlockedStatsBaseline" name="test_region_tr_and_eu_vary" time="0.100" /><testcase classname="tests.test_v34_widget_seed_stripe.TestStripeCheckoutDbKey" name="test_invalid_db_key_returns_502" time="0.391" /><testcase classname="tests.test_v34_widget_seed_stripe.TestRegression" name="test_admin_threat_alerts" time="0.244" /><testcase classname="tests.test_v34_widget_seed_stripe.TestRegression" name="test_admin_impersonate_status" time="0.042" /><testcase classname="tests.test_v34_widget_seed_stripe.TestRegression" name="test_admin_plan_matrix_history" time="0.045" /><testcase classname="tests.test_v34_widget_seed_stripe.TestStripeCheckoutDbKey" name="test_env_fallback_after_reset" time="0.582" /><testcase classname="tests.test_v34_widget_seed_stripe.TestRegression" name="test_admin_bayi_servers" time="0.044" /></testsuite></testsuites>