<?xml version="1.0" encoding="utf-8"?><testsuites name="pytest tests"><testsuite name="pytest" errors="0" failures="1" skipped="0" tests="18" time="1.944" timestamp="2026-08-06T08:07:46.892650+00:00" hostname="agent-env-4b81e3e1-7195-4c20-aaba-141696aad14f"><testcase classname="tests.test_v35_quarantine_queue_tenant.TestQueue" name="test_queue_list" time="0.155" /><testcase classname="tests.test_v35_quarantine_queue_tenant.TestQuarantineStats" name="test_stats_master" time="0.129" /><testcase classname="tests.test_v35_quarantine_queue_tenant.TestQuarantineStats" name="test_stats_route_ordering" time="0.048" /><testcase classname="tests.test_v35_quarantine_queue_tenant.TestQueue" name="test_queue_stats" time="0.083" /><testcase classname="tests.test_v35_quarantine_queue_tenant.TestQuarantineStats" name="test_item_get_still_works" time="0.128" /><testcase classname="tests.test_v35_quarantine_queue_tenant.TestQueue" name="test_queue_audit" time="0.097" /><testcase classname="tests.test_v35_quarantine_queue_tenant.TestQuarantineTenantIsolation" name="test_master_sees_data" time="0.058" /><testcase classname="tests.test_v35_quarantine_queue_tenant.TestQueue" name="test_queue_bulk_invalid_action" time="0.058" /><testcase classname="tests.test_v35_quarantine_queue_tenant.TestQueue" name="test_queue_bulk_remove_returns_result" time="0.068" /><testcase classname="tests.test_v35_quarantine_queue_tenant.TestQueue" name="test_queue_bulk_deliver_with_forward" time="0.076" /><testcase classname="tests.test_v35_quarantine_queue_tenant.TestQuarantinePurgeAll" name="test_purge_all_master_older_than_9999" time="0.270" /><testcase classname="tests.test_v35_quarantine_queue_tenant.TestQuarantinePurgeAll" name="test_purge_demo_master_only" time="0.115" /><testcase classname="tests.test_v35_quarantine_queue_tenant.TestQuarantineTenantIsolation" name="test_reseller_scoped" time="0.590" /><testcase classname="tests.test_v35_quarantine_queue_tenant.TestQuarantineTenantIsolation" name="test_reseller_cannot_delete_others" time="0.441" /><testcase classname="tests.test_v35_quarantine_queue_tenant.TestQuarantineForward" name="test_forward_requires_valid_payload" time="0.088" /><testcase classname="tests.test_v35_quarantine_queue_tenant.TestQueueTenantIsolation" name="test_reseller_cannot_override_license_key" time="0.622"><failure message="AssertionError: Reseller was granted master scope via query override! {'is_master': True, 'license_key': None}&#10;assert True is False&#10; +  where True = &lt;built-in method get of dict object at 0xfd9eca53c540&gt;('is_master')&#10; +    where &lt;built-in method get of dict object at 0xfd9eca53c540&gt; = {'is_master': True, 'license_key': None}.get">backend/tests/test_v35_quarantine_queue_tenant.py:239: in test_reseller_cannot_override_license_key
    assert sc.get("is_master") is False, \
E   AssertionError: Reseller was granted master scope via query override! {'is_master': True, 'license_key': None}
E   assert True is False
E    +  where True = &lt;built-in method get of dict object at 0xfd9eca53c540&gt;('is_master')
E    +    where &lt;built-in method get of dict object at 0xfd9eca53c540&gt; = {'is_master': True, 'license_key': None}.get</failure></testcase><testcase classname="tests.test_v35_quarantine_queue_tenant.TestQuarantineForward" name="test_forward_success" time="0.137" /><testcase classname="tests.test_v35_quarantine_queue_tenant.TestQueueTenantIsolation" name="test_master_can_drill_down" time="0.076" /></testsuite></testsuites>