<?xml version="1.0" encoding="utf-8"?><testsuites name="pytest tests"><testsuite name="pytest" errors="0" failures="0" skipped="0" tests="25" time="2.575" timestamp="2026-08-06T08:13:07.280381+00:00" hostname="agent-env-4b81e3e1-7195-4c20-aaba-141696aad14f"><testcase classname="tests.test_v35_quarantine_queue_tenant.TestV35TenantBypassFix" name="test_anon_query_master_key_on_queue_stats_denied" time="0.217" /><testcase classname="tests.test_v35_quarantine_queue_tenant.TestQueue" name="test_queue_list" time="0.228" /><testcase classname="tests.test_v35_quarantine_queue_tenant.TestV35TenantBypassFix" name="test_anon_query_master_key_on_queue_list_denied" time="0.134" /><testcase classname="tests.test_v35_quarantine_queue_tenant.TestQueue" name="test_queue_stats" time="0.073" /><testcase classname="tests.test_v35_quarantine_queue_tenant.TestQueue" name="test_queue_audit" time="0.097" /><testcase classname="tests.test_v35_quarantine_queue_tenant.TestV35TenantBypassFix" name="test_anon_query_master_key_on_quarantine_denied" time="0.205" /><testcase classname="tests.test_v35_quarantine_queue_tenant.TestQueue" name="test_queue_bulk_invalid_action" time="0.055" /><testcase classname="tests.test_v35_quarantine_queue_tenant.TestQueue" name="test_queue_bulk_remove_returns_result" time="0.067" /><testcase classname="tests.test_v35_quarantine_queue_tenant.TestQueue" name="test_queue_bulk_deliver_with_forward" time="0.113" /><testcase classname="tests.test_v35_quarantine_queue_tenant.TestV35TenantBypassFix" name="test_master_ip_legacy_still_works" time="0.161" /><testcase classname="tests.test_v35_quarantine_queue_tenant.TestQuarantineStats" name="test_stats_master" time="0.059" /><testcase classname="tests.test_v35_quarantine_queue_tenant.TestQuarantineStats" name="test_stats_route_ordering" time="0.057" /><testcase classname="tests.test_v35_quarantine_queue_tenant.TestV35TenantBypassFix" name="test_master_header_without_query_still_works" time="0.124" /><testcase classname="tests.test_v35_quarantine_queue_tenant.TestQuarantineStats" name="test_item_get_still_works" time="0.149" /><testcase classname="tests.test_v35_quarantine_queue_tenant.TestV35TenantBypassFix" name="test_master_cookie_without_query_still_works" time="0.166" /><testcase classname="tests.test_v35_quarantine_queue_tenant.TestQuarantineTenantIsolation" name="test_master_sees_data" time="0.057" /><testcase classname="tests.test_v35_quarantine_queue_tenant.TestV35TenantBypassFix" name="test_scope_meta_present_in_exim_branch" time="0.125" /><testcase classname="tests.test_v35_quarantine_queue_tenant.TestQuarantineForward" name="test_forward_requires_valid_payload" time="0.291" /><testcase classname="tests.test_v35_quarantine_queue_tenant.TestQuarantineTenantIsolation" name="test_reseller_scoped" time="0.636" /><testcase classname="tests.test_v35_quarantine_queue_tenant.TestQuarantineForward" name="test_forward_success" time="0.112" /><testcase classname="tests.test_v35_quarantine_queue_tenant.TestQuarantineTenantIsolation" name="test_reseller_cannot_delete_others" time="0.445" /><testcase classname="tests.test_v35_quarantine_queue_tenant.TestQuarantinePurgeAll" name="test_purge_all_master_older_than_9999" time="0.062" /><testcase classname="tests.test_v35_quarantine_queue_tenant.TestQueueTenantIsolation" name="test_reseller_cannot_override_license_key" time="0.633" /><testcase classname="tests.test_v35_quarantine_queue_tenant.TestQuarantinePurgeAll" name="test_purge_demo_master_only" time="0.153" /><testcase classname="tests.test_v35_quarantine_queue_tenant.TestQueueTenantIsolation" name="test_master_can_drill_down" time="0.067" /></testsuite></testsuites>