<?xml version="1.0" encoding="utf-8"?><testsuites name="pytest tests"><testsuite name="pytest" errors="0" failures="0" skipped="0" tests="10" time="2.852" timestamp="2026-08-06T08:34:52.516001+00:00" hostname="agent-env-4b81e3e1-7195-4c20-aaba-141696aad14f"><testcase classname="tests.test_v36_queue_actual_deletion.TestV36QueueActualDeletion" name="test_bulk_remove_actually_deletes_record" time="0.972" /><testcase classname="tests.test_v36_queue_actual_deletion.TestV36Regression" name="test_anon_query_master_key_not_master_scope" time="0.366" /><testcase classname="tests.test_v36_queue_actual_deletion.TestV36Regression" name="test_master_via_header_is_master" time="0.127" /><testcase classname="tests.test_v36_queue_actual_deletion.TestV36Regression" name="test_queue_audit_records_action" time="0.664" /><testcase classname="tests.test_v36_queue_actual_deletion.TestV36QueueActualDeletion" name="test_bulk_remove_via_xff_master_ip" time="0.851" /><testcase classname="tests.test_v36_queue_actual_deletion.TestV36DefaultSourceMock" name="test_queue_list_default_source_mock" time="0.045" /><testcase classname="tests.test_v36_queue_actual_deletion.TestV36DefaultSourceMock" name="test_queue_stats_default_source_mock" time="0.042" /><testcase classname="tests.test_v36_queue_actual_deletion.TestV36DeliverMarksRecord" name="test_deliver_with_forward_to_updates_mail_event" time="0.903" /><testcase classname="tests.test_v36_queue_actual_deletion.TestV36QueueActualDeletion" name="test_bulk_remove_unknown_mid_reports_failed" time="0.056" /><testcase classname="tests.test_v36_queue_actual_deletion.TestV36MidFormat" name="test_mid_matches_mail_events_id" time="0.676" /></testsuite></testsuites>