<?xml version="1.0" encoding="utf-8"?><testsuites name="pytest tests"><testsuite name="pytest" errors="0" failures="0" skipped="0" tests="19" time="2.597" timestamp="2026-08-06T09:56:03.745418+00:00" hostname="agent-env-4b81e3e1-7195-4c20-aaba-141696aad14f"><testcase classname="tests.test_v37_tenant_isolation_master_leak.TestV37QueueTenantScope" name="test_bayi_valid_license_gets_own_scope" time="0.263" /><testcase classname="tests.test_v37_tenant_isolation_master_leak.TestV37QuarantineTenantScope" name="test_quarantine_stats_bayi_scoped" time="0.215" /><testcase classname="tests.test_v37_tenant_isolation_master_leak.TestV37QuarantineTenantScope" name="test_quarantine_stats_fake_key_isolated" time="0.100" /><testcase classname="tests.test_v37_tenant_isolation_master_leak.TestV37QueueTenantScope" name="test_master_header_sees_all_counters" time="0.096" /><testcase classname="tests.test_v37_tenant_isolation_master_leak.TestV37QuarantineTenantScope" name="test_quarantine_list_bayi_scoped" time="0.059" /><testcase classname="tests.test_v37_tenant_isolation_master_leak.TestV37QueueTenantScope" name="test_fake_license_returns_isolated_none_scope" time="0.064" /><testcase classname="tests.test_v37_tenant_isolation_master_leak.TestV37QuarantineTenantScope" name="test_quarantine_list_fake_key_returns_empty" time="0.057" /><testcase classname="tests.test_v37_tenant_isolation_master_leak.TestV37QueueTenantScope" name="test_bayi_counters_ne_master_counters" time="0.705" /><testcase classname="tests.test_v37_tenant_isolation_master_leak.TestV37WhoamiNoLeak" name="test_bayi_whoami_no_master_info" time="0.055" /><testcase classname="tests.test_v37_tenant_isolation_master_leak.TestV37WhoamiNoLeak" name="test_anon_whoami_no_master_info" time="0.053" /><testcase classname="tests.test_v37_tenant_isolation_master_leak.TestV37WhoamiNoLeak" name="test_master_header_whoami_contains_master_info" time="0.125" /><testcase classname="tests.test_v37_tenant_isolation_master_leak.TestV37WhoamiNoLeak" name="test_fake_license_whoami_no_leak" time="0.052" /><testcase classname="tests.test_v37_tenant_isolation_master_leak.TestV37QueueDeleteRegression" name="test_master_delete_own_record" time="0.738" /><testcase classname="tests.test_v37_tenant_isolation_master_leak.TestV37QueueTenantScope" name="test_queue_list_bayi_only_own_records" time="0.666" /><testcase classname="tests.test_v37_tenant_isolation_master_leak.TestV37QueueDeleteRegression" name="test_bayi_cannot_delete_master_record" time="0.717" /><testcase classname="tests.test_v37_tenant_isolation_master_leak.TestV37PurgeDemoMasterOnly" name="test_reseller_forbidden" time="0.062" /><testcase classname="tests.test_v37_tenant_isolation_master_leak.TestV37PurgeDemoMasterOnly" name="test_anon_forbidden" time="0.059" /><testcase classname="tests.test_v37_tenant_isolation_master_leak.TestV37PurgeDemoMasterOnly" name="test_master_allowed" time="0.053" /><testcase classname="tests.test_v37_tenant_isolation_master_leak.TestV37RegressionScopeFields" name="test_queue_stats_scope_field_shape" time="0.125" /></testsuite></testsuites>