<?xml version="1.0" encoding="utf-8"?><testsuites name="pytest tests"><testsuite name="pytest" errors="0" failures="0" skipped="0" tests="15" time="2.516" timestamp="2026-08-06T10:44:48.405925+00:00" hostname="agent-env-4b81e3e1-7195-4c20-aaba-141696aad14f"><testcase classname="tests.test_v38_thresholds_histogram_pluginhealth.TestThresholds" name="test_1a_master_default_thresholds" time="0.148" /><testcase classname="tests.test_v38_thresholds_histogram_pluginhealth.TestThresholds" name="test_1b_bayi_thresholds_default" time="0.132" /><testcase classname="tests.test_v38_thresholds_histogram_pluginhealth.TestThresholds" name="test_1c_master_can_set_bayi_thresholds" time="0.132" /><testcase classname="tests.test_v38_thresholds_histogram_pluginhealth.TestThresholds" name="test_1d_validation_high_lt_spam_400" time="0.069" /><testcase classname="tests.test_v38_thresholds_histogram_pluginhealth.TestThresholds" name="test_1e_verdict_uses_per_license_thresholds" time="0.978" /><testcase classname="tests.test_v38_thresholds_histogram_pluginhealth.TestThresholds" name="test_1f_anon_cannot_change_thresholds" time="0.066" /><testcase classname="tests.test_v38_thresholds_histogram_pluginhealth.TestScoreHistogram" name="test_2_master_score_distribution" time="0.068" /><testcase classname="tests.test_v38_thresholds_histogram_pluginhealth.TestScoreHistogram" name="test_2b_bayi_score_distribution_scoped" time="0.067" /><testcase classname="tests.test_v38_thresholds_histogram_pluginhealth.TestPluginHealth" name="test_3a_normalization_health" time="0.067" /><testcase classname="tests.test_v38_thresholds_histogram_pluginhealth.TestPluginHealth" name="test_3b_plugin_health_scan_creates_alert" time="0.146" /><testcase classname="tests.test_v38_thresholds_histogram_pluginhealth.TestPluginHealth" name="test_3c_alert_visible_in_threat_alerts" time="0.064" /><testcase classname="tests.test_v38_thresholds_histogram_pluginhealth.TestPluginHealth" name="test_3d_dedupe" time="0.247" /><testcase classname="tests.test_v38_thresholds_histogram_pluginhealth.TestPluginHealth" name="test_3e_non_master_rejected" time="0.132" /><testcase classname="tests.test_v38_thresholds_histogram_pluginhealth.TestRegression" name="test_whoami_no_master_leak_for_anon" time="0.062" /><testcase classname="tests.test_v38_thresholds_histogram_pluginhealth.TestRegression" name="test_whoami_master_via_header" time="0.061" /></testsuite></testsuites>