<?xml version="1.0" encoding="utf-8"?><testsuites name="pytest tests"><testsuite name="pytest" errors="0" failures="0" skipped="0" tests="11" time="1.277" timestamp="2026-08-12T07:50:51.036880+00:00" hostname="agent-env-4b81e3e1-7195-4c20-aaba-141696aad14f"><testcase classname="tests.test_v39_events_search_limit.TestLimitCap" name="test_limit_5000_ok" time="0.346" /><testcase classname="tests.test_v39_events_search_limit.TestHoursFilter" name="test_hours_1" time="0.211" /><testcase classname="tests.test_v39_events_search_limit.TestHoursFilter" name="test_hours_invalid" time="0.142" /><testcase classname="tests.test_v39_events_search_limit.TestLimitCap" name="test_limit_10000_rejected" time="0.099" /><testcase classname="tests.test_v39_events_search_limit.TestSubjectSearch" name="test_subject_case_insensitive" time="0.228" /><testcase classname="tests.test_v39_events_search_limit.TestLimitCap" name="test_limit_default_applied" time="0.122" /><testcase classname="tests.test_v39_events_search_limit.TestToSearch" name="test_to_search" time="0.109" /><testcase classname="tests.test_v39_events_search_limit.TestFromMinMax" name="test_from_with_score_range" time="0.150" /><testcase classname="tests.test_v39_events_search_limit.TestTenantIsolation" name="test_bayi_cannot_see_master_via_search" time="0.097" /><testcase classname="tests.test_v39_events_search_limit.TestIpSearch" name="test_ip_search_any_field" time="0.101" /><testcase classname="tests.test_v39_events_search_limit.TestCombinedFilters" name="test_subject_verdict_hours" time="0.148" /></testsuite></testsuites>