<?xml version="1.0" encoding="utf-8"?><testsuites name="pytest tests"><testsuite name="pytest" errors="0" failures="0" skipped="0" tests="7" time="3.453" timestamp="2026-08-12T10:08:40.713402+00:00" hostname="agent-env-4b81e3e1-7195-4c20-aaba-141696aad14f"><testcase classname="tests.test_v40_saved_filters_notifications.TestSavedFilters" name="test_list_no_module" time="0.223" /><testcase classname="tests.test_v40_saved_filters_notifications.TestSavedFilters" name="test_create_and_list_quarantine" time="0.665" /><testcase classname="tests.test_v40_saved_filters_notifications.TestPluginUpdateComplete" name="test_queue_update_and_complete_flow" time="1.638" /><testcase classname="tests.test_v40_saved_filters_notifications.TestSavedFilters" name="test_create_live_events" time="0.210" /><testcase classname="tests.test_v40_saved_filters_notifications.TestSavedFilters" name="test_invalid_module_rejected" time="0.124" /><testcase classname="tests.test_v40_saved_filters_notifications.TestPluginUpdateComplete" name="test_complete_with_ok_false_creates_warning" time="1.361" /><testcase classname="tests.test_v40_saved_filters_notifications.TestPluginUpdateComplete" name="test_complete_unknown_action_404" time="0.098" /></testsuite></testsuites>