<?xml version="1.0" encoding="utf-8"?><testsuites name="pytest tests"><testsuite name="pytest" errors="0" failures="0" skipped="0" tests="13" time="4.643" timestamp="2026-08-12T10:28:18.567050+00:00" hostname="agent-env-4b81e3e1-7195-4c20-aaba-141696aad14f"><testcase classname="tests.test_v41_blocked_stats_geo_perf.TestBlockedStatsSchema" name="test_region_all_shape" time="0.217" /><testcase classname="tests.test_v41_blocked_stats_geo_perf.TestBlockedStatsSchema" name="test_region_tr_shape" time="0.095" /><testcase classname="tests.test_v41_blocked_stats_geo_perf.TestBlockedStatsSchema" name="test_region_external_shape" time="0.093" /><testcase classname="tests.test_v41_blocked_stats_geo_perf.TestBlockedStatsSchema" name="test_raw_bypass_seed_flag" time="0.114" /><testcase classname="tests.test_v41_blocked_stats_geo_perf.TestRegionFilteringCorrectness" name="test_region_filter_reflects_ingested_ips" time="2.596" /><testcase classname="tests.test_v41_blocked_stats_geo_perf.TestCacheBehavior" name="test_blocked_stats_cache_second_call_faster_or_fast" time="0.199" /><testcase classname="tests.test_v41_blocked_stats_geo_perf.TestCacheBehavior" name="test_raw_bypasses_cache" time="0.368" /><testcase classname="tests.test_v41_blocked_stats_geo_perf.TestCacheBehavior" name="test_heatmap_cache_returns_quickly" time="0.217" /><testcase classname="tests.test_v41_blocked_stats_geo_perf.TestCacheBehavior" name="test_heatmap_cache_per_license" time="0.300" /><testcase classname="tests.test_v41_blocked_stats_geo_perf.TestGeoHeatmapSchema" name="test_shape" time="0.097" /><testcase classname="tests.test_v41_blocked_stats_geo_perf.TestGeoHeatmapSchema" name="test_license_filter_returns_ok" time="0.114" /><testcase classname="tests.test_v41_blocked_stats_geo_perf.TestStartupIndexes" name="test_v40_indexes_present" time="0.082" /><testcase classname="tests.test_v41_blocked_stats_geo_perf.TestSeedFallback" name="test_seed_applied_flag_reflects_state" time="0.101" /></testsuite></testsuites>