<?xml version="1.0" encoding="utf-8"?><testsuites name="pytest tests"><testsuite name="pytest" errors="0" failures="0" skipped="0" tests="4" time="1.131" timestamp="2026-08-17T09:31:24.054194+00:00" hostname="agent-env-4b81e3e1-7195-4c20-aaba-141696aad14f"><testcase classname="tests.test_v4374_retest" name="test_idle_lock_unlock_with_ip_changed_persists_details_and_warning_severity" time="0.323" /><testcase classname="tests.test_v4374_retest" name="test_idle_lock_lock_no_ip_change_is_info_severity" time="0.239" /><testcase classname="tests.test_v4374_retest" name="test_publisher_stats_bogus_license_returns_404" time="0.108" /><testcase classname="tests.test_v4374_retest" name="test_publisher_stats_valid_license_returns_200" time="0.139" /></testsuite></testsuites>