<?xml version="1.0" encoding="utf-8"?><testsuites name="pytest tests"><testsuite name="pytest" errors="0" failures="0" skipped="0" tests="7" time="1.966" timestamp="2026-08-17T10:46:18.161713+00:00" hostname="agent-env-4b81e3e1-7195-4c20-aaba-141696aad14f"><testcase classname="tests.test_v43_76_features.TestMarketplaceTier" name="test_signatures_list_publisher_tier" time="0.266" /><testcase classname="tests.test_v43_76_features.TestPendingApprovals" name="test_havale_create_inserts_master_alert" time="0.837" /><testcase classname="tests.test_v43_76_features.TestMarketplaceTier" name="test_signatures_list_default_no_publisher_license" time="0.150" /><testcase classname="tests.test_v43_76_features.TestIpChangeFlood" name="test_ip_change_flood_grouping" time="1.190" /><testcase classname="tests.test_v43_76_features.TestPendingApprovals" name="test_pending_approvals_summary" time="0.127" /><testcase classname="tests.test_v43_76_features.TestPendingApprovals" name="test_pending_approvals_forbidden_without_ip" time="0.120" /><testcase classname="tests.test_v43_76_features.TestPendingApprovals" name="test_pending_approvals_forbidden_without_key" time="0.123" /></testsuite></testsuites>