<?xml version="1.0" encoding="utf-8"?><testsuites name="pytest tests"><testsuite name="pytest" errors="0" failures="0" skipped="0" tests="15" time="1.650" timestamp="2026-08-15T12:25:02.534300+00:00" hostname="agent-env-4b81e3e1-7195-4c20-aaba-141696aad14f"><testcase classname="tests.test_v43_42_bounce_leaderboard_diagnostic.TestBounceDigest" name="test_get_config" time="0.244" /><testcase classname="tests.test_v43_42_bounce_leaderboard_diagnostic.TestLiveDiagnostic" name="test_status" time="0.252" /><testcase classname="tests.test_v43_42_bounce_leaderboard_diagnostic.TestBounceDigest" name="test_post_and_get_config" time="0.224" /><testcase classname="tests.test_v43_42_bounce_leaderboard_diagnostic.TestLiveDiagnostic" name="test_status_forbidden" time="0.127" /><testcase classname="tests.test_v43_42_bounce_leaderboard_diagnostic.TestLiveDiagnostic" name="test_commands" time="0.094" /><testcase classname="tests.test_v43_42_bounce_leaderboard_diagnostic.TestBounceDigest" name="test_config_forbidden_without_master" time="0.131" /><testcase classname="tests.test_v43_42_bounce_leaderboard_diagnostic.TestLiveDiagnostic" name="test_report_install_allowlisted" time="0.186" /><testcase classname="tests.test_v43_42_bounce_leaderboard_diagnostic.TestBounceDigest" name="test_preview" time="0.097" /><testcase classname="tests.test_v43_42_bounce_leaderboard_diagnostic.TestLiveDiagnostic" name="test_install_reports_lists_recent" time="0.098" /><testcase classname="tests.test_v43_42_bounce_leaderboard_diagnostic.TestBounceDigest" name="test_run_now" time="0.167" /><testcase classname="tests.test_v43_42_bounce_leaderboard_diagnostic.TestLiveDiagnostic" name="test_install_reports_forbidden" time="0.097" /><testcase classname="tests.test_v43_42_bounce_leaderboard_diagnostic.TestMarketplaceLeaderboard" name="test_week" time="0.098" /><testcase classname="tests.test_v43_42_bounce_leaderboard_diagnostic.TestBounceDigest" name="test_history" time="0.196" /><testcase classname="tests.test_v43_42_bounce_leaderboard_diagnostic.TestMarketplaceLeaderboard" name="test_month" time="0.164" /><testcase classname="tests.test_v43_42_bounce_leaderboard_diagnostic.TestMarketplaceLeaderboard" name="test_all" time="0.149" /></testsuite></testsuites>