<?xml version="1.0" encoding="utf-8"?><testsuites name="pytest tests"><testsuite name="pytest" errors="0" failures="0" skipped="0" tests="6" time="0.966" timestamp="2026-08-15T15:47:09.769584+00:00" hostname="agent-env-4b81e3e1-7195-4c20-aaba-141696aad14f"><testcase classname="tests.test_v43_55_raw_b64_push" name="test_version_panel_v43_55" time="0.258" /><testcase classname="tests.test_v43_55_raw_b64_push" name="test_raw_push_with_b64" time="0.100" /><testcase classname="tests.test_v43_55_raw_b64_push" name="test_raw_push_empty_b64_fallthrough" time="0.052" /><testcase classname="tests.test_v43_55_raw_b64_push" name="test_raw_push_malformed_b64" time="0.045" /><testcase classname="tests.test_v43_55_raw_b64_push" name="test_raw_push_textplain_backcompat" time="0.048" /><testcase classname="tests.test_v43_55_raw_b64_push" name="test_exim_log_push_ts_decoded_from_mid" time="0.108" /></testsuite></testsuites>