<?xml version="1.0" encoding="utf-8"?><testsuites name="pytest tests"><testsuite name="pytest" errors="0" failures="0" skipped="0" tests="11" time="2.344" timestamp="2026-08-17T07:55:24.686439+00:00" hostname="agent-env-4b81e3e1-7195-4c20-aaba-141696aad14f"><testcase classname="tests.test_v43_71_plan_matrix.TestPlanEffective" name="test_visitor_no_header_returns_starter" time="0.439" /><testcase classname="tests.test_v43_71_plan_matrix.TestPlanEffective" name="test_master_key_returns_enterprise" time="0.099" /><testcase classname="tests.test_v43_71_plan_matrix.TestPlanEffective" name="test_bayi_starter_key" time="0.120" /><testcase classname="tests.test_v43_71_plan_matrix.TestPlanEffective" name="test_bayi_pro_key" time="0.119" /><testcase classname="tests.test_v43_71_plan_matrix.TestPlanEffective" name="test_all_new_v4371_keys_present" time="0.159" /><testcase classname="tests.test_v43_71_plan_matrix.TestPlanMatrixAdmin" name="test_get_plan_matrix_contains_new_keys" time="0.190" /><testcase classname="tests.test_v43_71_plan_matrix.TestPlanMatrixAdmin" name="test_get_plan_matrix_requires_master" time="0.098" /><testcase classname="tests.test_v43_71_plan_matrix.TestPlanMatrixAdmin" name="test_toggle_marketplace_for_starter_and_reset" time="0.550" /><testcase classname="tests.test_v43_71_plan_matrix.TestTenantIsolation" name="test_events_scoped_to_starter" time="0.112" /><testcase classname="tests.test_v43_71_plan_matrix.TestTenantIsolation" name="test_events_scoped_to_pro" time="0.103" /><testcase classname="tests.test_v43_71_plan_matrix.TestTenantIsolation" name="test_master_does_not_see_bayi_events" time="0.282" /></testsuite></testsuites>