<?xml version="1.0" encoding="utf-8"?><testsuites name="pytest tests"><testsuite name="pytest" errors="0" failures="0" skipped="0" tests="13" time="1.997" timestamp="2026-08-17T09:50:35.901973+00:00" hostname="agent-env-4b81e3e1-7195-4c20-aaba-141696aad14f"><testcase classname="tests.test_v43_75_features.TestTrustedPublisherBadge" name="test_trusted_tier_5plus" time="0.185" /><testcase classname="tests.test_v43_75_features.TestTrustedPublisherBadge" name="test_expert_tier_15plus" time="0.119" /><testcase classname="tests.test_v43_75_features.TestTrustedPublisherBadge" name="test_elite_tier_30plus" time="0.192" /><testcase classname="tests.test_v43_75_features.TestTrustedPublisherBadge" name="test_no_tier_below_5" time="0.193" /><testcase classname="tests.test_v43_75_features.TestTrustedPublisherBadge" name="test_cleanup" time="0.001" /><testcase classname="tests.test_v43_75_features.TestOGImage" name="test_svg_with_host" time="0.124" /><testcase classname="tests.test_v43_75_features.TestOGImage" name="test_400_without_host" time="0.107" /><testcase classname="tests.test_v43_75_features.TestOGImage" name="test_fallback_nonexistent_host" time="0.229" /><testcase classname="tests.test_v43_75_features.TestSEOMeta" name="test_html_with_og_tags" time="0.135" /><testcase classname="tests.test_v43_75_features.TestSEOMeta" name="test_fallback_nonexistent" time="0.110" /><testcase classname="tests.test_v43_75_features.TestIdleLockIPAlert" name="test_unlock_ip_changed_creates_alert" time="0.208" /><testcase classname="tests.test_v43_75_features.TestIdleLockIPAlert" name="test_lock_event_no_master_alert" time="0.138" /><testcase classname="tests.test_v43_75_features.TestIdleLockIPAlert" name="test_unlock_without_ip_changed_no_alert" time="0.114" /></testsuite></testsuites>