<?xml version="1.0" encoding="utf-8"?><testsuites name="pytest tests"><testsuite name="pytest" errors="0" failures="1" skipped="0" tests="15" time="2.333" timestamp="2026-08-17T09:27:32.438938+00:00" hostname="agent-env-4b81e3e1-7195-4c20-aaba-141696aad14f"><testcase classname="tests.test_v43_74_features.TestResellerBrandingPublic" name="test_public_no_auth_ok" time="0.205" /><testcase classname="tests.test_v43_74_features.TestPublisherStats" name="test_invalid_license_key" time="0.272" /><testcase classname="tests.test_v43_74_features.TestResellerBrandingPublic" name="test_public_unknown_host_404" time="0.112" /><testcase classname="tests.test_v43_74_features.TestPublisherStats" name="test_bad_prefix_400" time="0.147" /><testcase classname="tests.test_v43_74_features.TestResellerBrandingPublic" name="test_public_missing_host_400" time="0.110" /><testcase classname="tests.test_v43_74_features.TestPublisherStats" name="test_missing_license_key_422" time="0.235" /><testcase classname="tests.test_v43_74_features.TestRemoteAdminDispatch" name="test_dispatch_health_check" time="0.146" /><testcase classname="tests.test_v43_74_features.TestRemoteAdminDispatch" name="test_bulk_dispatch_history" time="0.653" /><testcase classname="tests.test_v43_74_features.TestPublisherStats" name="test_zero_signatures" time="0.118" /><testcase classname="tests.test_v43_74_features.TestPublisherStats" name="test_trusted_tier_6_sigs" time="0.210" /><testcase classname="tests.test_v43_74_features.TestPublisherStats" name="test_expert_tier_15_sigs" time="0.177" /><testcase classname="tests.test_v43_74_features.TestPublisherStats" name="test_elite_tier_30_sigs" time="0.136" /><testcase classname="tests.test_v43_74_features.TestPublicResellerLanding" name="test_r_route_returns_html" time="0.137" /><testcase classname="tests.test_v43_74_features.TestPublisherStats" name="test_cleanup" time="0.001" /><testcase classname="tests.test_v43_74_features.TestIdleLockEvent" name="test_idle_lock_event_with_ip_fields" time="0.122"><failure message="AssertionError: ip_changed not saved. details keys: ['event', 'idle_seconds', 'license_key_preview']&#10;assert None is True&#10; +  where None = &lt;built-in method get of dict object at 0xf88a0d06aac0&gt;('ip_changed')&#10; +    where &lt;built-in method get of dict object at 0xf88a0d06aac0&gt; = {'event': 'lock', 'idle_seconds': 300, 'license_key_preview': 'MS-TESTBAYI-STAR'}.get">backend/tests/test_v43_74_features.py:239: in test_idle_lock_event_with_ip_fields
    assert details.get("ip_changed") is True, (
E   AssertionError: ip_changed not saved. details keys: ['event', 'idle_seconds', 'license_key_preview']
E   assert None is True
E    +  where None = &lt;built-in method get of dict object at 0xf88a0d06aac0&gt;('ip_changed')
E    +    where &lt;built-in method get of dict object at 0xf88a0d06aac0&gt; = {'event': 'lock', 'idle_seconds': 300, 'license_key_preview': 'MS-TESTBAYI-STAR'}.get</failure></testcase></testsuite></testsuites>