<?xml version="1.0" encoding="utf-8"?><testsuites name="pytest tests"><testsuite name="pytest" errors="0" failures="0" skipped="0" tests="19" time="3.615" timestamp="2026-08-17T11:29:34.461245+00:00" hostname="agent-env-4b81e3e1-7195-4c20-aaba-141696aad14f"><testcase classname="tests.test_v43_78_isolation_upgrade.TestV4378Isolation" name="test_01_pro_bayi_add_cn" time="0.263" /><testcase classname="tests.test_v43_78_isolation_upgrade.TestV4378Isolation" name="test_02_master_get_excludes_pro_cn" time="0.114" /><testcase classname="tests.test_v43_78_isolation_upgrade.TestV4378Isolation" name="test_03_pro_get_includes_cn" time="0.113" /><testcase classname="tests.test_v43_78_isolation_upgrade.TestV4378Isolation" name="test_04_starter_get_excludes_pro_cn" time="0.134" /><testcase classname="tests.test_v43_78_isolation_upgrade.TestV4378Isolation" name="test_05_starter_post_forbidden" time="0.126" /><testcase classname="tests.test_v43_78_isolation_upgrade.TestV4378Isolation" name="test_06_master_add_ru" time="0.143" /><testcase classname="tests.test_v43_78_isolation_upgrade.TestV4378Isolation" name="test_07_master_get_includes_ru" time="0.406" /><testcase classname="tests.test_v43_78_isolation_upgrade.TestV4378Isolation" name="test_08_pro_get_excludes_master_ru" time="0.153" /><testcase classname="tests.test_v43_78_isolation_upgrade.TestV4378Isolation" name="test_09_pro_cannot_delete_master_ru" time="0.131" /><testcase classname="tests.test_v43_78_isolation_upgrade.TestV4378Isolation" name="test_10_master_ru_still_exists" time="0.139" /><testcase classname="tests.test_v43_78_isolation_upgrade.TestV4378Isolation" name="test_11_master_post_alias" time="0.117" /><testcase classname="tests.test_v43_78_isolation_upgrade.TestV4378Isolation" name="test_12_master_get_alias" time="0.110" /><testcase classname="tests.test_v43_78_isolation_upgrade.TestV4378Isolation" name="test_13_non_master_post_forbidden" time="0.108" /><testcase classname="tests.test_v43_78_isolation_upgrade.TestV4378Isolation" name="test_14_master_delete_alias" time="0.114" /><testcase classname="tests.test_v43_78_isolation_upgrade.TestV4378Isolation" name="test_15_create_havale" time="0.128" /><testcase classname="tests.test_v43_78_isolation_upgrade.TestV4378Isolation" name="test_16_approve_triggers_upgrade" time="0.133" /><testcase classname="tests.test_v43_78_isolation_upgrade.TestV4378Isolation" name="test_17_license_plan_persisted" time="0.004" /><testcase classname="tests.test_v43_78_isolation_upgrade.TestV4378Isolation" name="test_18_master_alert_created" time="0.004" /><testcase classname="tests.test_v43_78_isolation_upgrade.TestV4378Isolation" name="test_19_marketplace_trusted_only" time="0.265" /></testsuite></testsuites>