<?xml version="1.0" encoding="utf-8"?><testsuites name="pytest tests"><testsuite name="pytest" errors="0" failures="0" skipped="0" tests="10" time="0.821" timestamp="2026-08-15T11:54:03.223957+00:00" hostname="agent-env-4b81e3e1-7195-4c20-aaba-141696aad14f"><testcase classname="tests.test_v43_40_backfill_geostats.TestGeoStats" name="test_geo_stats_24h" time="0.130" /><testcase classname="tests.test_v43_40_backfill_geostats.TestBackfill" name="test_trigger_requires_master_key" time="0.123" /><testcase classname="tests.test_v43_40_backfill_geostats.TestBackfill" name="test_trigger_ok" time="0.084" /><testcase classname="tests.test_v43_40_backfill_geostats.TestGeoStats" name="test_geo_stats_6h_lte_24h" time="0.088" /><testcase classname="tests.test_v43_40_backfill_geostats.TestBackfill" name="test_signal_pending_after_trigger" time="0.127" /><testcase classname="tests.test_v43_40_backfill_geostats.TestGeoStats" name="test_geo_stats_168h" time="0.044" /><testcase classname="tests.test_v43_40_backfill_geostats.TestRegression" name="test_exim_log_push_with_license_key" time="0.046" /><testcase classname="tests.test_v43_40_backfill_geostats.TestRegression" name="test_exim_log_checkpoint" time="0.084" /><testcase classname="tests.test_v43_40_backfill_geostats.TestBackfill" name="test_ack_clears_pending" time="0.164" /><testcase classname="tests.test_v43_40_backfill_geostats.TestRegression" name="test_dev_seed_sample_adds_events" time="0.060" /></testsuite></testsuites>