<?xml version="1.0" encoding="utf-8"?><testsuites name="pytest tests"><testsuite name="pytest" errors="0" failures="0" skipped="0" tests="6" time="1.173" timestamp="2026-08-15T14:15:34.762351+00:00" hostname="agent-env-4b81e3e1-7195-4c20-aaba-141696aad14f"><testcase classname="tests.test_outbound_timestamps" name="test_push_decodes_ts_from_mid" time="0.205" /><testcase classname="tests.test_outbound_timestamps" name="test_push_spreads_ts_when_no_mid_no_ts" time="0.115" /><testcase classname="tests.test_outbound_timestamps" name="test_repair_requires_master_key" time="0.131" /><testcase classname="tests.test_outbound_timestamps" name="test_repair_dry_run_returns_duplicate_groups" time="0.209" /><testcase classname="tests.test_outbound_timestamps" name="test_repair_real_run_updates_ts" time="0.134" /><testcase classname="tests.test_outbound_timestamps" name="test_events_have_distinct_timestamps" time="0.059" /></testsuite></testsuites>