<?xml version="1.0" encoding="utf-8"?><testsuites name="pytest tests"><testsuite name="pytest" errors="0" failures="0" skipped="0" tests="11" time="5.945" timestamp="2026-08-12T11:15:57.739139+00:00" hostname="agent-env-4b81e3e1-7195-4c20-aaba-141696aad14f"><testcase classname="tests.test_v43_outbound_filtering" name="test_ingest_outbound_direction" time="0.242" /><testcase classname="tests.test_v43_outbound_filtering" name="test_ingest_backward_compat_no_direction" time="0.047" /><testcase classname="tests.test_v43_outbound_filtering" name="test_migrate_direction_idempotent" time="0.094" /><testcase classname="tests.test_v43_outbound_filtering" name="test_outbound_stats" time="0.047" /><testcase classname="tests.test_v43_outbound_filtering" name="test_outbound_events_returns_only_out" time="0.396" /><testcase classname="tests.test_v43_outbound_filtering" name="test_outbound_events_search_by_user" time="0.601" /><testcase classname="tests.test_v43_outbound_filtering" name="test_bulk_detection_and_dedup" time="2.172" /><testcase classname="tests.test_v43_outbound_filtering" name="test_manual_throttle_flow" time="0.224" /><testcase classname="tests.test_v43_outbound_filtering" name="test_event_actions" time="1.773" /><testcase classname="tests.test_v43_outbound_filtering" name="test_legacy_outbound_endpoint" time="0.045" /><testcase classname="tests.test_v43_outbound_filtering" name="test_cleanup_zzz" time="0.229" /></testsuite></testsuites>