<?xml version="1.0" encoding="utf-8"?><testsuites name="pytest tests"><testsuite name="pytest" errors="0" failures="0" skipped="0" tests="6" time="1.217" timestamp="2026-08-15T14:36:38.972163+00:00" hostname="agent-env-4b81e3e1-7195-4c20-aaba-141696aad14f"><testcase classname="tests.test_v43_53_bounce_digest_runnow" name="test_run_now_with_master_key" time="0.221" /><testcase classname="tests.test_v43_53_bounce_digest_runnow" name="test_run_now_without_master_key_forbidden" time="0.213" /><testcase classname="tests.test_v43_53_bounce_digest_runnow" name="test_preview_with_master_key" time="0.104" /><testcase classname="tests.test_v43_53_bounce_digest_runnow" name="test_history_after_run_now" time="0.108" /><testcase classname="tests.test_v43_53_bounce_digest_runnow" name="test_gws_exim_push_script_v43_53" time="0.129" /><testcase classname="tests.test_v43_53_bounce_digest_runnow" name="test_exim_log_push_mid_decode_regression" time="0.102" /></testsuite></testsuites>