<?xml version="1.0" encoding="utf-8"?><testsuites name="pytest tests"><testsuite name="pytest" errors="0" failures="0" skipped="0" tests="12" time="11.093" timestamp="2026-08-15T12:09:43.054874+00:00" hostname="agent-env-4b81e3e1-7195-4c20-aaba-141696aad14f"><testcase classname="tests.test_v43_41_ai_anomaly_rules.TestRegressionExisting" name="test_users_sync_status" time="0.143" /><testcase classname="tests.test_v43_41_ai_anomaly_rules.TestRulesCRUD" name="test_1_list_rules" time="0.145" /><testcase classname="tests.test_v43_41_ai_anomaly_rules.TestRulesCRUD" name="test_2_create_rule" time="0.181" /><testcase classname="tests.test_v43_41_ai_anomaly_rules.TestRegressionExisting" name="test_marketplace_seed_demo" time="0.105" /><testcase classname="tests.test_v43_41_ai_anomaly_rules.TestRegressionExisting" name="test_master_alerts" time="0.160" /><testcase classname="tests.test_v43_41_ai_anomaly_rules.TestRulesCRUD" name="test_3_update_rule_put" time="0.228" /><testcase classname="tests.test_v43_41_ai_anomaly_rules.TestAnomaly" name="test_run_now_returns_ok" time="0.102" /><testcase classname="tests.test_v43_41_ai_anomaly_rules.TestAnomaly" name="test_status_contains_test_spammer" time="0.117" /><testcase classname="tests.test_v43_41_ai_anomaly_rules.TestRulesCRUD" name="test_4_update_rule_post_alias" time="0.091" /><testcase classname="tests.test_v43_41_ai_anomaly_rules.TestAIInsights" name="test_ai_insights_returns_expected_shape" time="10.022" /><testcase classname="tests.test_v43_41_ai_anomaly_rules.TestRulesCRUD" name="test_5_delete_alias_then_delete" time="1.771" /><testcase classname="tests.test_v43_41_ai_anomaly_rules.TestDiagnostic" name="test_plugin_fields_present" time="0.120" /></testsuite></testsuites>