<?xml version="1.0" encoding="utf-8"?><testsuites name="pytest tests"><testsuite name="pytest" errors="0" failures="0" skipped="0" tests="13" time="2.911" timestamp="2026-08-17T08:51:07.703559+00:00" hostname="agent-env-4b81e3e1-7195-4c20-aaba-141696aad14f"><testcase classname="tests.test_v43_73_features.TestPlanEffectiveUpgradeOptions" name="test_starter_bayi_has_upgrade_options_pro_enterprise" time="0.565" /><testcase classname="tests.test_v43_73_features.TestPlanEffectiveUpgradeOptions" name="test_toggle_pro_custom_branding_reflects_in_upgrade_options" time="0.232" /><testcase classname="tests.test_v43_73_features.TestPlanEffectiveUpgradeOptions" name="test_reset_restores_defaults" time="0.218" /><testcase classname="tests.test_v43_73_features.TestMarketplaceWeeklyLeaderboard" name="test_weekly_returns_shape" time="0.099" /><testcase classname="tests.test_v43_73_features.TestIdleLockEvent" name="test_lock_event_no_auth_writes_audit" time="0.220" /><testcase classname="tests.test_v43_73_features.TestIdleLockEvent" name="test_unlock_event_with_license_key_actor_label" time="0.212" /><testcase classname="tests.test_v43_73_features.TestResellerBranding" name="test_me_without_header_401" time="0.100" /><testcase classname="tests.test_v43_73_features.TestResellerBranding" name="test_me_with_bayi_returns_defaults" time="0.112" /><testcase classname="tests.test_v43_73_features.TestResellerBranding" name="test_save_and_conflict" time="0.214" /><testcase classname="tests.test_v43_73_features.TestResellerBranding" name="test_public_lookup" time="0.127" /><testcase classname="tests.test_v43_73_features.TestResellerBranding" name="test_public_unknown_host_404" time="0.124" /><testcase classname="tests.test_v43_73_features.TestResellerBranding" name="test_invalid_domain_400" time="0.122" /><testcase classname="tests.test_v43_73_features.TestRemoteAdminComplete" name="test_dispatch_then_complete_emits_master_alert" time="0.485" /></testsuite></testsuites>