<?xml version="1.0" encoding="utf-8"?><testsuites name="pytest tests"><testsuite name="pytest" errors="0" failures="0" skipped="0" tests="9" time="1.694" timestamp="2026-08-15T11:13:03.977991+00:00" hostname="agent-env-4b81e3e1-7195-4c20-aaba-141696aad14f"><testcase classname="tests.test_v44_sync_status_threat_intel" name="test_sync_status_no_header" time="0.156" /><testcase classname="tests.test_v44_sync_status_threat_intel" name="test_sync_status_with_master_header" time="0.046" /><testcase classname="tests.test_v44_sync_status_threat_intel" name="test_users_sync_and_status_reflects" time="0.093" /><testcase classname="tests.test_v44_sync_status_threat_intel" name="test_users_list_contains_testsync1" time="0.041" /><testcase classname="tests.test_v44_sync_status_threat_intel" name="test_threat_intel_auto_sync_get" time="0.043" /><testcase classname="tests.test_v44_sync_status_threat_intel" name="test_threat_intel_auto_sync_post_disabled" time="0.050" /><testcase classname="tests.test_v44_sync_status_threat_intel" name="test_threat_intel_run_now" time="0.843" /><testcase classname="tests.test_v44_sync_status_threat_intel" name="test_regression_signal_log" time="0.046" /><testcase classname="tests.test_v44_sync_status_threat_intel" name="test_regression_mailscanner_config" time="0.050" /></testsuite></testsuites>