<?xml version="1.0" encoding="utf-8"?><testsuites name="pytest tests"><testsuite name="pytest" errors="0" failures="0" skipped="0" tests="51" time="10.326" timestamp="2026-08-22T15:12:14.773923+00:00" hostname="agent-env-4b81e3e1-7195-4c20-aaba-141696aad14f"><testcase classname="tests.test_v44_00_03_regression.TestBlacklistTenantIsolation" name="test_a_get_requests_bayi_scoped_empty_or_own_only" time="0.186" /><testcase classname="tests.test_v44_00_03_regression.TestBlacklistTenantIsolation" name="test_b_get_requests_master_sees_all" time="0.159" /><testcase classname="tests.test_v44_00_03_regression.TestBlacklistTenantIsolation" name="test_c_reseller_creates_request_scoped_to_owner" time="0.514" /><testcase classname="tests.test_v44_00_03_regression.TestBlacklistTenantIsolation" name="test_d_master_creates_own_request" time="0.223" /><testcase classname="tests.test_v44_00_03_regression.TestBlacklistTenantIsolation" name="test_e_bayi_cannot_update_masters_request" time="0.211" /><testcase classname="tests.test_v44_00_03_regression.TestBlacklistTenantIsolation" name="test_f_bayi_can_update_own_request" time="0.161" /><testcase classname="tests.test_v44_00_03_regression.TestBlacklistTenantIsolation" name="test_g_master_can_update_bayi_request" time="0.149" /><testcase classname="tests.test_v44_00_03_regression.TestEnginesMasterCascade" name="test_a_snapshot_original_state" time="0.231" /><testcase classname="tests.test_v44_00_03_regression.TestEnginesMasterCascade" name="test_b_master_toggle_cascades" time="0.251" /><testcase classname="tests.test_v44_00_03_regression.TestEnginesMasterCascade" name="test_c_master_toggle_back_cascades" time="0.300" /><testcase classname="tests.test_v44_00_03_regression.TestEnginesMasterCascade" name="test_d_reseller_toggle_does_not_cascade" time="0.604" /><testcase classname="tests.test_v44_00_03_regression.TestEnginesMasterCascade" name="test_e_teardown_restore_master_state" time="0.233" /><testcase classname="tests.test_v44_00_03_regression.TestBounceDigestExport" name="test_a_csv_export_ok" time="0.134" /><testcase classname="tests.test_v44_00_03_regression.TestBounceDigestExport" name="test_b_xlsx_export_ok" time="0.313" /><testcase classname="tests.test_v44_00_03_regression.TestBounceDigestExport" name="test_c_missing_license_key_400" time="0.106" /><testcase classname="tests.test_v44_00_03_regression.TestVerifyLicenseShortCircuit" name="test_a_bogus_key_returns_404_and_writes_violation" time="0.270" /><testcase classname="tests.test_v44_ip_lock_and_tenant_isolation.TestPluginDownload" name="test_download_ok_and_gzip" time="0.191" /><testcase classname="tests.test_v44_ip_lock_and_tenant_isolation.TestPluginDownload" name="test_download_contains_version_file" time="0.115" /><testcase classname="tests.test_v44_ip_lock_and_tenant_isolation.TestVerifyLicenseIpLock" name="test_a_first_verify_locks_ip" time="0.188" /><testcase classname="tests.test_v44_ip_lock_and_tenant_isolation.TestVerifyLicenseIpLock" name="test_b_second_different_ip_rejected" time="0.575" /><testcase classname="tests.test_v44_ip_lock_and_tenant_isolation.TestVerifyLicenseIpLock" name="test_c_violation_logged_with_browser_ip" time="0.555" /><testcase classname="tests.test_v44_ip_lock_and_tenant_isolation.TestVerifyLicenseIpLock" name="test_d_wrong_license_key_no_lic" time="0.131" /><testcase classname="tests.test_v44_ip_lock_and_tenant_isolation.TestTenantIsolationStatsTraffic" name="test_master_returns_data" time="0.049" /><testcase classname="tests.test_v44_ip_lock_and_tenant_isolation.TestTenantIsolationStatsTraffic" name="test_reseller_isolated_from_master" time="0.078" /><testcase classname="tests.test_v44_ip_lock_and_tenant_isolation.TestTenantIsolationTopDomains" name="test_master_vs_reseller" time="0.148" /><testcase classname="tests.test_v44_ip_lock_and_tenant_isolation.TestMasterOnlyGating" name="test_master_alerts_non_master_returns_empty" time="0.073" /><testcase classname="tests.test_v44_ip_lock_and_tenant_isolation.TestMasterOnlyGating" name="test_master_alerts_master_sees_data" time="0.055" /><testcase classname="tests.test_v44_ip_lock_and_tenant_isolation.TestLicenseHeartbeat" name="test_heartbeat_updates_license" time="0.153" /><testcase classname="tests.test_v44_ip_lock_and_tenant_isolation.TestRegression" name="test_master_endpoints_ok[/stats/overview]" time="0.059" /><testcase classname="tests.test_v44_ip_lock_and_tenant_isolation.TestRegression" name="test_master_endpoints_ok[/licenses]" time="0.053" /><testcase classname="tests.test_v44_ip_lock_and_tenant_isolation.TestRegression" name="test_master_endpoints_ok[/logs?limit=5]" time="0.054" /><testcase classname="tests.test_v44_ip_lock_and_tenant_isolation.TestRegression" name="test_master_endpoints_ok[/payments/settings]" time="0.051" /><testcase classname="tests.test_v44_ip_lock_and_tenant_isolation.TestRegression" name="test_master_endpoints_ok[/master/status]" time="0.048" /><testcase classname="tests.test_v44_ip_lock_and_tenant_isolation.TestRegression" name="test_master_endpoints_ok[/master/check]" time="0.046" /><testcase classname="tests.test_v44_00_02_regression.TestLicensesGating" name="test_no_header_403" time="0.117" /><testcase classname="tests.test_v44_00_02_regression.TestLicensesGating" name="test_nonmaster_403" time="0.048" /><testcase classname="tests.test_v44_00_02_regression.TestLicensesGating" name="test_master_200" time="0.065" /><testcase classname="tests.test_v44_00_02_regression.TestViolationsGating" name="test_no_header_403" time="0.047" /><testcase classname="tests.test_v44_00_02_regression.TestViolationsGating" name="test_nonmaster_403" time="0.055" /><testcase classname="tests.test_v44_00_02_regression.TestViolationsGating" name="test_master_200" time="0.062" /><testcase classname="tests.test_v44_00_02_regression.TestVerifyLicenseBogusKey" name="test_bogus_writes_violation" time="0.616" /><testcase classname="tests.test_v44_00_02_regression.TestPinDeleteSingle" name="test_delete_requires_master" time="0.335" /><testcase classname="tests.test_v44_00_02_regression.TestPinDeleteSingle" name="test_delete_pending_rejected" time="0.280" /><testcase classname="tests.test_v44_00_02_regression.TestPinDeleteSingle" name="test_delete_decided_ok_and_audit" time="0.238" /><testcase classname="tests.test_v44_00_02_regression.TestPinBulkDelete" name="test_requires_master" time="0.111" /><testcase classname="tests.test_v44_00_02_regression.TestPinBulkDelete" name="test_bulk_delete_status_pending_is_overridden" time="0.337" /><testcase classname="tests.test_v44_00_02_regression.TestPinBulkDelete" name="test_bulk_delete_by_status_rejected" time="0.485" /><testcase classname="tests.test_v44_00_02_regression.TestPinBulkDelete" name="test_bulk_delete_older_than_days_does_not_touch_recent" time="0.329" /><testcase classname="tests.test_v44_00_02_regression.TestPinAllCompanyField" name="test_all_lists_and_company_optional" time="0.296" /><testcase classname="tests.test_v44_00_02_regression.TestVersion" name="test_version_file" time="0.000" /><testcase classname="tests.test_v44_00_02_regression.TestVersion" name="test_plugin_download_contains_version" time="0.092" /></testsuite></testsuites>