<?xml version="1.0" encoding="utf-8"?><testsuites name="pytest tests"><testsuite name="pytest" errors="0" failures="2" skipped="0" tests="70" time="14.838" timestamp="2026-08-22T16:20:29.714636+00:00" hostname="agent-env-4b81e3e1-7195-4c20-aaba-141696aad14f"><testcase classname="tests.test_v44_00_04_regression.TestSMTPTenantScope" name="test_master_smtp_own_scope" time="0.152" /><testcase classname="tests.test_v44_00_04_regression.TestSMTPTenantScope" name="test_reseller_starter_inherits_master" time="0.158" /><testcase classname="tests.test_v44_00_04_regression.TestSMTPTenantScope" name="test_reseller_write_direct_db_creates_separate_doc" time="0.168" /><testcase classname="tests.test_v44_00_04_regression.TestEngineCascadePreview" name="test_master_cascade_preview" time="0.143" /><testcase classname="tests.test_v44_00_04_regression.TestEngineCascadePreview" name="test_cascade_preview_does_not_modify_db" time="0.496" /><testcase classname="tests.test_v44_00_04_regression.TestEngineCascadePreview" name="test_reseller_cascade_preview_forbidden" time="0.127" /><testcase classname="tests.test_v44_00_04_regression.TestPinExport" name="test_csv_export_master_via_query" time="0.126" /><testcase classname="tests.test_v44_00_04_regression.TestPinExport" name="test_xlsx_export_master" time="0.304" /><testcase classname="tests.test_v44_00_04_regression.TestPinExport" name="test_export_no_key_forbidden" time="0.138" /><testcase classname="tests.test_v44_00_04_regression.TestPinExport" name="test_export_reseller_forbidden" time="0.153" /><testcase classname="tests.test_v44_00_04_regression.TestPinExport" name="test_export_status_filter_approved" time="0.119" /><testcase classname="tests.test_v44_00_04_regression.TestResellerAnalytics" name="test_master_scope" time="0.134" /><testcase classname="tests.test_v44_00_04_regression.TestResellerAnalytics" name="test_reseller_scope" time="0.128" /><testcase classname="tests.test_v44_00_04_regression.TestResellerAnalytics" name="test_missing_key_401" time="0.145" /><testcase classname="tests.test_v44_00_04_regression.TestMarketplaceTrending" name="test_trending_public_no_auth" time="0.113" /><testcase classname="tests.test_v44_00_04_regression.TestMarketplaceTrending" name="test_trending_no_headers_still_works" time="0.106" /><testcase classname="tests.test_v44_00_04_regression.TestVerifyLicenseRegression" name="test_bogus_key_404_and_violation" time="0.167" /><testcase classname="tests.test_v44_00_04_regression.TestBlacklistTenantRegression" name="test_reseller_sees_empty_or_own_only" time="0.103" /><testcase classname="tests.test_v44_00_04_regression.TestBlacklistTenantRegression" name="test_master_sees_all" time="0.163" /><testcase classname="tests.test_v44_00_03_regression.TestBlacklistTenantIsolation" name="test_a_get_requests_bayi_scoped_empty_or_own_only" time="0.173" /><testcase classname="tests.test_v44_00_03_regression.TestBlacklistTenantIsolation" name="test_b_get_requests_master_sees_all" time="0.121" /><testcase classname="tests.test_v44_00_03_regression.TestBlacklistTenantIsolation" name="test_c_reseller_creates_request_scoped_to_owner" time="0.592" /><testcase classname="tests.test_v44_00_03_regression.TestBlacklistTenantIsolation" name="test_d_master_creates_own_request" time="0.281" /><testcase classname="tests.test_v44_00_03_regression.TestBlacklistTenantIsolation" name="test_e_bayi_cannot_update_masters_request" time="0.264" /><testcase classname="tests.test_v44_00_03_regression.TestBlacklistTenantIsolation" name="test_f_bayi_can_update_own_request" time="0.116" /><testcase classname="tests.test_v44_00_03_regression.TestBlacklistTenantIsolation" name="test_g_master_can_update_bayi_request" time="0.109" /><testcase classname="tests.test_v44_00_03_regression.TestEnginesMasterCascade" name="test_a_snapshot_original_state" time="0.282" /><testcase classname="tests.test_v44_00_03_regression.TestEnginesMasterCascade" name="test_b_master_toggle_cascades" time="0.250" /><testcase classname="tests.test_v44_00_03_regression.TestEnginesMasterCascade" name="test_c_master_toggle_back_cascades" time="0.237" /><testcase classname="tests.test_v44_00_03_regression.TestEnginesMasterCascade" name="test_d_reseller_toggle_does_not_cascade" time="0.604" /><testcase classname="tests.test_v44_00_03_regression.TestEnginesMasterCascade" name="test_e_teardown_restore_master_state" time="0.250" /><testcase classname="tests.test_v44_00_03_regression.TestBounceDigestExport" name="test_a_csv_export_ok" time="0.135" /><testcase classname="tests.test_v44_00_03_regression.TestBounceDigestExport" name="test_b_xlsx_export_ok" time="0.117" /><testcase classname="tests.test_v44_00_03_regression.TestBounceDigestExport" name="test_c_missing_license_key_400" time="0.185" /><testcase classname="tests.test_v44_00_03_regression.TestVerifyLicenseShortCircuit" name="test_a_bogus_key_returns_404_and_writes_violation" time="0.274" /><testcase classname="tests.test_v44_00_02_regression.TestLicensesGating" name="test_no_header_403" time="0.129" /><testcase classname="tests.test_v44_00_02_regression.TestLicensesGating" name="test_nonmaster_403" time="0.073" /><testcase classname="tests.test_v44_00_02_regression.TestLicensesGating" name="test_master_200" time="0.099" /><testcase classname="tests.test_v44_00_02_regression.TestViolationsGating" name="test_no_header_403" time="0.081" /><testcase classname="tests.test_v44_00_02_regression.TestViolationsGating" name="test_nonmaster_403" time="0.074" /><testcase classname="tests.test_v44_00_02_regression.TestViolationsGating" name="test_master_200" time="0.077" /><testcase classname="tests.test_v44_00_02_regression.TestVerifyLicenseBogusKey" name="test_bogus_writes_violation" time="1.032" /><testcase classname="tests.test_v44_00_02_regression.TestPinDeleteSingle" name="test_delete_requires_master" time="0.564" /><testcase classname="tests.test_v44_00_02_regression.TestPinDeleteSingle" name="test_delete_pending_rejected" time="0.351" /><testcase classname="tests.test_v44_00_02_regression.TestPinDeleteSingle" name="test_delete_decided_ok_and_audit" time="0.280" /><testcase classname="tests.test_v44_00_02_regression.TestPinBulkDelete" name="test_requires_master" time="0.146" /><testcase classname="tests.test_v44_00_02_regression.TestPinBulkDelete" name="test_bulk_delete_status_pending_is_overridden" time="0.418" /><testcase classname="tests.test_v44_00_02_regression.TestPinBulkDelete" name="test_bulk_delete_by_status_rejected" time="0.554" /><testcase classname="tests.test_v44_00_02_regression.TestPinBulkDelete" name="test_bulk_delete_older_than_days_does_not_touch_recent" time="0.426" /><testcase classname="tests.test_v44_00_02_regression.TestPinAllCompanyField" name="test_all_lists_and_company_optional" time="0.345" /><testcase classname="tests.test_v44_00_02_regression.TestVersion" name="test_version_file" time="0.001"><failure message="AssertionError: VERSION file is 'v44.00.04'&#10;assert 'v44.00.04' == 'v44.00.02'&#10;  &#10;  - v44.00.02&#10;  ?         ^&#10;  + v44.00.04&#10;  ?         ^">self = &lt;test_v44_00_02_regression.TestVersion object at 0xfad4d0305d90&gt;

    def test_version_file(self):
        with open("/app/VERSION") as f:
            v = f.read().strip()
&gt;       assert v == "v44.00.02", f"VERSION file is {v!r}"
E       AssertionError: VERSION file is 'v44.00.04'
E       assert 'v44.00.04' == 'v44.00.02'
E         
E         - v44.00.02
E         ?         ^
E         + v44.00.04
E         ?         ^

backend/tests/test_v44_00_02_regression.py:298: AssertionError</failure></testcase><testcase classname="tests.test_v44_00_02_regression.TestVersion" name="test_plugin_download_contains_version" time="0.165"><failure message="AssertionError: v44.00.04&#10;assert 'v44.00.04' == 'v44.00.02'&#10;  &#10;  - v44.00.02&#10;  ?         ^&#10;  + v44.00.04&#10;  ?         ^">self = &lt;test_v44_00_02_regression.TestVersion object at 0xfad4d0306350&gt;
s = &lt;requests.sessions.Session object at 0xfad497ec1b90&gt;

    def test_plugin_download_contains_version(self, s):
        r = s.get(f"{BASE}/plugin/download", stream=True)
        assert r.status_code == 200, r.status_code
        buf = io.BytesIO(r.content)
        with tarfile.open(fileobj=buf, mode="r:gz") as tar:
            names = tar.getnames()
            vfile = [n for n in names if n.endswith("VERSION")]
            assert vfile, f"VERSION missing from tarball: {names[:5]}"
            data = tar.extractfile(vfile[0]).read().decode().strip()
&gt;           assert data == "v44.00.02", data
E           AssertionError: v44.00.04
E           assert 'v44.00.04' == 'v44.00.02'
E             
E             - v44.00.02
E             ?         ^
E             + v44.00.04
E             ?         ^

backend/tests/test_v44_00_02_regression.py:309: AssertionError</failure></testcase><testcase classname="tests.test_v44_ip_lock_and_tenant_isolation.TestPluginDownload" name="test_download_ok_and_gzip" time="0.207" /><testcase classname="tests.test_v44_ip_lock_and_tenant_isolation.TestPluginDownload" name="test_download_contains_version_file" time="0.105" /><testcase classname="tests.test_v44_ip_lock_and_tenant_isolation.TestVerifyLicenseIpLock" name="test_a_first_verify_locks_ip" time="0.215" /><testcase classname="tests.test_v44_ip_lock_and_tenant_isolation.TestVerifyLicenseIpLock" name="test_b_second_different_ip_rejected" time="0.570" /><testcase classname="tests.test_v44_ip_lock_and_tenant_isolation.TestVerifyLicenseIpLock" name="test_c_violation_logged_with_browser_ip" time="0.559" /><testcase classname="tests.test_v44_ip_lock_and_tenant_isolation.TestVerifyLicenseIpLock" name="test_d_wrong_license_key_no_lic" time="0.134" /><testcase classname="tests.test_v44_ip_lock_and_tenant_isolation.TestTenantIsolationStatsTraffic" name="test_master_returns_data" time="0.062" /><testcase classname="tests.test_v44_ip_lock_and_tenant_isolation.TestTenantIsolationStatsTraffic" name="test_reseller_isolated_from_master" time="0.069" /><testcase classname="tests.test_v44_ip_lock_and_tenant_isolation.TestTenantIsolationTopDomains" name="test_master_vs_reseller" time="0.131" /><testcase classname="tests.test_v44_ip_lock_and_tenant_isolation.TestMasterOnlyGating" name="test_master_alerts_non_master_returns_empty" time="0.070" /><testcase classname="tests.test_v44_ip_lock_and_tenant_isolation.TestMasterOnlyGating" name="test_master_alerts_master_sees_data" time="0.067" /><testcase classname="tests.test_v44_ip_lock_and_tenant_isolation.TestLicenseHeartbeat" name="test_heartbeat_updates_license" time="0.121" /><testcase classname="tests.test_v44_ip_lock_and_tenant_isolation.TestRegression" name="test_master_endpoints_ok[/stats/overview]" time="0.059" /><testcase classname="tests.test_v44_ip_lock_and_tenant_isolation.TestRegression" name="test_master_endpoints_ok[/licenses]" time="0.066" /><testcase classname="tests.test_v44_ip_lock_and_tenant_isolation.TestRegression" name="test_master_endpoints_ok[/logs?limit=5]" time="0.056" /><testcase classname="tests.test_v44_ip_lock_and_tenant_isolation.TestRegression" name="test_master_endpoints_ok[/payments/settings]" time="0.058" /><testcase classname="tests.test_v44_ip_lock_and_tenant_isolation.TestRegression" name="test_master_endpoints_ok[/master/status]" time="0.058" /><testcase classname="tests.test_v44_ip_lock_and_tenant_isolation.TestRegression" name="test_master_endpoints_ok[/master/check]" time="0.054" /></testsuite></testsuites>