<?xml version="1.0" encoding="utf-8"?><testsuites name="pytest tests"><testsuite name="pytest" errors="0" failures="0" skipped="0" tests="17" time="3.931" timestamp="2026-08-22T14:47:48.836495+00:00" hostname="agent-env-4b81e3e1-7195-4c20-aaba-141696aad14f"><testcase classname="tests.test_v44_00_02_regression.TestLicensesGating" name="test_no_header_403" time="0.203" /><testcase classname="tests.test_v44_00_02_regression.TestLicensesGating" name="test_nonmaster_403" time="0.054" /><testcase classname="tests.test_v44_00_02_regression.TestLicensesGating" name="test_master_200" time="0.068" /><testcase classname="tests.test_v44_00_02_regression.TestViolationsGating" name="test_no_header_403" time="0.063" /><testcase classname="tests.test_v44_00_02_regression.TestViolationsGating" name="test_nonmaster_403" time="0.053" /><testcase classname="tests.test_v44_00_02_regression.TestViolationsGating" name="test_master_200" time="0.060" /><testcase classname="tests.test_v44_00_02_regression.TestVerifyLicenseBogusKey" name="test_bogus_writes_violation" time="0.685" /><testcase classname="tests.test_v44_00_02_regression.TestPinDeleteSingle" name="test_delete_requires_master" time="0.354" /><testcase classname="tests.test_v44_00_02_regression.TestPinDeleteSingle" name="test_delete_pending_rejected" time="0.286" /><testcase classname="tests.test_v44_00_02_regression.TestPinDeleteSingle" name="test_delete_decided_ok_and_audit" time="0.234" /><testcase classname="tests.test_v44_00_02_regression.TestPinBulkDelete" name="test_requires_master" time="0.174" /><testcase classname="tests.test_v44_00_02_regression.TestPinBulkDelete" name="test_bulk_delete_status_pending_is_overridden" time="0.402" /><testcase classname="tests.test_v44_00_02_regression.TestPinBulkDelete" name="test_bulk_delete_by_status_rejected" time="0.455" /><testcase classname="tests.test_v44_00_02_regression.TestPinBulkDelete" name="test_bulk_delete_older_than_days_does_not_touch_recent" time="0.362" /><testcase classname="tests.test_v44_00_02_regression.TestPinAllCompanyField" name="test_all_lists_and_company_optional" time="0.293" /><testcase classname="tests.test_v44_00_02_regression.TestVersion" name="test_version_file" time="0.000" /><testcase classname="tests.test_v44_00_02_regression.TestVersion" name="test_plugin_download_contains_version" time="0.097" /></testsuite></testsuites>