<?xml version="1.0" encoding="utf-8"?><testsuites name="pytest tests"><testsuite name="pytest" errors="0" failures="0" skipped="0" tests="18" time="2.885" timestamp="2026-08-22T14:47:57.093675+00:00" hostname="agent-env-4b81e3e1-7195-4c20-aaba-141696aad14f"><testcase classname="tests.test_v44_ip_lock_and_tenant_isolation.TestPluginDownload" name="test_download_ok_and_gzip" time="0.221" /><testcase classname="tests.test_v44_ip_lock_and_tenant_isolation.TestPluginDownload" name="test_download_contains_version_file" time="0.136" /><testcase classname="tests.test_v44_ip_lock_and_tenant_isolation.TestVerifyLicenseIpLock" name="test_a_first_verify_locks_ip" time="0.216" /><testcase classname="tests.test_v44_ip_lock_and_tenant_isolation.TestVerifyLicenseIpLock" name="test_b_second_different_ip_rejected" time="0.564" /><testcase classname="tests.test_v44_ip_lock_and_tenant_isolation.TestVerifyLicenseIpLock" name="test_c_violation_logged_with_browser_ip" time="0.565" /><testcase classname="tests.test_v44_ip_lock_and_tenant_isolation.TestVerifyLicenseIpLock" name="test_d_wrong_license_key_no_lic" time="0.149" /><testcase classname="tests.test_v44_ip_lock_and_tenant_isolation.TestTenantIsolationStatsTraffic" name="test_master_returns_data" time="0.057" /><testcase classname="tests.test_v44_ip_lock_and_tenant_isolation.TestTenantIsolationStatsTraffic" name="test_reseller_isolated_from_master" time="0.064" /><testcase classname="tests.test_v44_ip_lock_and_tenant_isolation.TestTenantIsolationTopDomains" name="test_master_vs_reseller" time="0.127" /><testcase classname="tests.test_v44_ip_lock_and_tenant_isolation.TestMasterOnlyGating" name="test_master_alerts_non_master_returns_empty" time="0.079" /><testcase classname="tests.test_v44_ip_lock_and_tenant_isolation.TestMasterOnlyGating" name="test_master_alerts_master_sees_data" time="0.059" /><testcase classname="tests.test_v44_ip_lock_and_tenant_isolation.TestLicenseHeartbeat" name="test_heartbeat_updates_license" time="0.216" /><testcase classname="tests.test_v44_ip_lock_and_tenant_isolation.TestRegression" name="test_master_endpoints_ok[/stats/overview]" time="0.061" /><testcase classname="tests.test_v44_ip_lock_and_tenant_isolation.TestRegression" name="test_master_endpoints_ok[/licenses]" time="0.068" /><testcase classname="tests.test_v44_ip_lock_and_tenant_isolation.TestRegression" name="test_master_endpoints_ok[/logs?limit=5]" time="0.058" /><testcase classname="tests.test_v44_ip_lock_and_tenant_isolation.TestRegression" name="test_master_endpoints_ok[/payments/settings]" time="0.056" /><testcase classname="tests.test_v44_ip_lock_and_tenant_isolation.TestRegression" name="test_master_endpoints_ok[/master/status]" time="0.063" /><testcase classname="tests.test_v44_ip_lock_and_tenant_isolation.TestRegression" name="test_master_endpoints_ok[/master/check]" time="0.057" /></testsuite></testsuites>