<?xml version="1.0" encoding="utf-8"?><testsuites name="pytest tests"><testsuite name="pytest" errors="0" failures="1" skipped="0" tests="18" time="2.732" timestamp="2026-08-22T14:33:06.640390+00:00" hostname="agent-env-4b81e3e1-7195-4c20-aaba-141696aad14f"><testcase classname="tests.test_v44_ip_lock_and_tenant_isolation.TestRegression" name="test_master_endpoints_ok[/stats/overview]" time="0.261" /><testcase classname="tests.test_v44_ip_lock_and_tenant_isolation.TestRegression" name="test_master_endpoints_ok[/licenses]" time="0.081" /><testcase classname="tests.test_v44_ip_lock_and_tenant_isolation.TestVerifyLicenseIpLock" name="test_a_first_verify_locks_ip" time="0.518" /><testcase classname="tests.test_v44_ip_lock_and_tenant_isolation.TestRegression" name="test_master_endpoints_ok[/logs?limit=5]" time="0.061" /><testcase classname="tests.test_v44_ip_lock_and_tenant_isolation.TestRegression" name="test_master_endpoints_ok[/payments/settings]" time="0.062" /><testcase classname="tests.test_v44_ip_lock_and_tenant_isolation.TestRegression" name="test_master_endpoints_ok[/master/status]" time="0.062" /><testcase classname="tests.test_v44_ip_lock_and_tenant_isolation.TestVerifyLicenseIpLock" name="test_b_second_different_ip_rejected" time="0.577" /><testcase classname="tests.test_v44_ip_lock_and_tenant_isolation.TestRegression" name="test_master_endpoints_ok[/master/check]" time="0.063" /><testcase classname="tests.test_v44_ip_lock_and_tenant_isolation.TestPluginDownload" name="test_download_ok_and_gzip" time="0.223" /><testcase classname="tests.test_v44_ip_lock_and_tenant_isolation.TestPluginDownload" name="test_download_contains_version_file" time="0.091" /><testcase classname="tests.test_v44_ip_lock_and_tenant_isolation.TestTenantIsolationStatsTraffic" name="test_master_returns_data" time="0.105" /><testcase classname="tests.test_v44_ip_lock_and_tenant_isolation.TestTenantIsolationStatsTraffic" name="test_reseller_isolated_from_master" time="0.054" /><testcase classname="tests.test_v44_ip_lock_and_tenant_isolation.TestMasterOnlyGating" name="test_master_alerts_non_master_returns_empty" time="0.104" /><testcase classname="tests.test_v44_ip_lock_and_tenant_isolation.TestVerifyLicenseIpLock" name="test_c_violation_logged_with_browser_ip" time="0.560" /><testcase classname="tests.test_v44_ip_lock_and_tenant_isolation.TestMasterOnlyGating" name="test_master_alerts_master_sees_data" time="0.064" /><testcase classname="tests.test_v44_ip_lock_and_tenant_isolation.TestTenantIsolationTopDomains" name="test_master_vs_reseller" time="0.116" /><testcase classname="tests.test_v44_ip_lock_and_tenant_isolation.TestVerifyLicenseIpLock" name="test_d_wrong_license_key_no_lic" time="0.201"><failure message="AssertionError: {&quot;detail&quot;:&quot;Lisans bulunamadı. Lütfen satıcı ile iletişime geçin.&quot;}&#10;assert 404 == 200&#10; +  where 404 = &lt;Response [404]&gt;.status_code">backend/tests/test_v44_ip_lock_and_tenant_isolation.py:147: in test_d_wrong_license_key_no_lic
    assert r.status_code == 200, r.text[:400]
E   AssertionError: {"detail":"Lisans bulunamadı. Lütfen satıcı ile iletişime geçin."}
E   assert 404 == 200
E    +  where 404 = &lt;Response [404]&gt;.status_code</failure></testcase><testcase classname="tests.test_v44_ip_lock_and_tenant_isolation.TestLicenseHeartbeat" name="test_heartbeat_updates_license" time="0.236" /></testsuite></testsuites>