<?xml version="1.0" encoding="utf-8"?><testsuites name="pytest tests"><testsuite name="pytest" errors="0" failures="0" skipped="0" tests="10" time="2.402" timestamp="2026-08-23T03:28:09.964411+00:00" hostname="agent-env-4b81e3e1-7195-4c20-aaba-141696aad14f"><testcase classname="tests.test_v44_00_11_version_changes" name="test_version_change_recorded_on_upgrade" time="0.309" /><testcase classname="tests.test_v44_00_11_heartbeat_version" name="test_heartbeat_happy_path_saves_version" time="0.150" /><testcase classname="tests.test_v44_00_11_heartbeat_version" name="test_heartbeat_ip_mismatch_still_saves_version" time="0.227" /><testcase classname="tests.test_v44_00_11_version_changes" name="test_no_duplicate_when_same_version" time="0.524" /><testcase classname="tests.test_v44_00_11_heartbeat_version" name="test_heartbeat_alias_plugin_version_only" time="0.161" /><testcase classname="tests.test_v44_00_11_heartbeat_version" name="test_heartbeat_empty_version_preserves_old" time="0.302" /><testcase classname="tests.test_v44_00_11_version_changes" name="test_version_change_recorded_even_on_ip_mismatch" time="0.228" /><testcase classname="tests.test_v44_00_11_version_changes" name="test_admin_version_changes_master_ok" time="0.236" /><testcase classname="tests.test_v44_00_11_version_changes" name="test_admin_version_changes_bayi_forbidden" time="0.155" /><testcase classname="tests.test_v44_00_11_version_changes" name="test_admin_version_changes_hours_bounds" time="0.210" /></testsuite></testsuites>