<?xml version="1.0" encoding="utf-8"?><testsuites name="pytest tests"><testsuite name="pytest" errors="0" failures="0" skipped="0" tests="19" time="4.650" timestamp="2026-08-22T16:20:18.600555+00:00" hostname="agent-env-4b81e3e1-7195-4c20-aaba-141696aad14f"><testcase classname="tests.test_v44_00_04_regression.TestSMTPTenantScope" name="test_master_smtp_own_scope" time="0.216" /><testcase classname="tests.test_v44_00_04_regression.TestSMTPTenantScope" name="test_reseller_starter_inherits_master" time="0.146" /><testcase classname="tests.test_v44_00_04_regression.TestSMTPTenantScope" name="test_reseller_write_direct_db_creates_separate_doc" time="0.192" /><testcase classname="tests.test_v44_00_04_regression.TestEngineCascadePreview" name="test_master_cascade_preview" time="0.126" /><testcase classname="tests.test_v44_00_04_regression.TestEngineCascadePreview" name="test_cascade_preview_does_not_modify_db" time="0.765" /><testcase classname="tests.test_v44_00_04_regression.TestEngineCascadePreview" name="test_reseller_cascade_preview_forbidden" time="0.107" /><testcase classname="tests.test_v44_00_04_regression.TestPinExport" name="test_csv_export_master_via_query" time="0.129" /><testcase classname="tests.test_v44_00_04_regression.TestPinExport" name="test_xlsx_export_master" time="1.154" /><testcase classname="tests.test_v44_00_04_regression.TestPinExport" name="test_export_no_key_forbidden" time="0.122" /><testcase classname="tests.test_v44_00_04_regression.TestPinExport" name="test_export_reseller_forbidden" time="0.117" /><testcase classname="tests.test_v44_00_04_regression.TestPinExport" name="test_export_status_filter_approved" time="0.137" /><testcase classname="tests.test_v44_00_04_regression.TestResellerAnalytics" name="test_master_scope" time="0.157" /><testcase classname="tests.test_v44_00_04_regression.TestResellerAnalytics" name="test_reseller_scope" time="0.128" /><testcase classname="tests.test_v44_00_04_regression.TestResellerAnalytics" name="test_missing_key_401" time="0.122" /><testcase classname="tests.test_v44_00_04_regression.TestMarketplaceTrending" name="test_trending_public_no_auth" time="0.141" /><testcase classname="tests.test_v44_00_04_regression.TestMarketplaceTrending" name="test_trending_no_headers_still_works" time="0.124" /><testcase classname="tests.test_v44_00_04_regression.TestVerifyLicenseRegression" name="test_bogus_key_404_and_violation" time="0.156" /><testcase classname="tests.test_v44_00_04_regression.TestBlacklistTenantRegression" name="test_reseller_sees_empty_or_own_only" time="0.144" /><testcase classname="tests.test_v44_00_04_regression.TestBlacklistTenantRegression" name="test_master_sees_all" time="0.157" /></testsuite></testsuites>