<?xml version="1.0" encoding="utf-8"?><testsuites name="pytest tests"><testsuite name="pytest" errors="0" failures="1" skipped="0" tests="16" time="5.030" timestamp="2026-08-22T15:11:44.557262+00:00" hostname="agent-env-4b81e3e1-7195-4c20-aaba-141696aad14f"><testcase classname="tests.test_v44_00_03_regression.TestBlacklistTenantIsolation" name="test_a_get_requests_bayi_scoped_empty_or_own_only" time="0.231" /><testcase classname="tests.test_v44_00_03_regression.TestBlacklistTenantIsolation" name="test_b_get_requests_master_sees_all" time="0.111" /><testcase classname="tests.test_v44_00_03_regression.TestBlacklistTenantIsolation" name="test_c_reseller_creates_request_scoped_to_owner" time="0.650" /><testcase classname="tests.test_v44_00_03_regression.TestBlacklistTenantIsolation" name="test_d_master_creates_own_request" time="0.309" /><testcase classname="tests.test_v44_00_03_regression.TestBlacklistTenantIsolation" name="test_e_bayi_cannot_update_masters_request" time="0.230" /><testcase classname="tests.test_v44_00_03_regression.TestBlacklistTenantIsolation" name="test_f_bayi_can_update_own_request" time="0.141" /><testcase classname="tests.test_v44_00_03_regression.TestBlacklistTenantIsolation" name="test_g_master_can_update_bayi_request" time="0.125" /><testcase classname="tests.test_v44_00_03_regression.TestEnginesMasterCascade" name="test_a_snapshot_original_state" time="0.331" /><testcase classname="tests.test_v44_00_03_regression.TestEnginesMasterCascade" name="test_b_master_toggle_cascades" time="0.235" /><testcase classname="tests.test_v44_00_03_regression.TestEnginesMasterCascade" name="test_c_master_toggle_back_cascades" time="0.265" /><testcase classname="tests.test_v44_00_03_regression.TestEnginesMasterCascade" name="test_d_reseller_toggle_does_not_cascade" time="0.353"><failure message="AssertionError: {&quot;detail&quot;:&quot;Bu master panelinde yazma yetkisi yok. Kendi bayi sunucunuzdaki panele bağlanın.&quot;,&quot;code&quot;:&quot;BAYI_ON_MASTER_PANEL&quot;,&quot;hint&quot;:&quot;Bayiler master panelde sadece OKUMA yapabilir. DB Bakım/Ödeme gibi işlemler için kendi sunucunuzdaki panele giriş yapın.&quot;}&#10;assert 403 == 200&#10; +  where 403 = &lt;Response [403]&gt;.status_code">self = &lt;test_v44_00_03_regression.TestEnginesMasterCascade object at 0xff6ef21bd250&gt;

    def test_d_reseller_toggle_does_not_cascade(self):
        before_master = self._master_engine_state()
        before_pro = self._reseller_engine_state(RESELLER_PRO)
        r = requests.post(
            f"{BASE}/engines/{self.ENGINE}/toggle?license_key={RESELLER_STARTER}",
            timeout=15,
        )
&gt;       assert r.status_code == 200, r.text
E       AssertionError: {"detail":"Bu master panelinde yazma yetkisi yok. Kendi bayi sunucunuzdaki panele bağlanın.","code":"BAYI_ON_MASTER_PANEL","hint":"Bayiler master panelde sadece OKUMA yapabilir. DB Bakım/Ödeme gibi işlemler için kendi sunucunuzdaki panele giriş yapın."}
E       assert 403 == 200
E        +  where 403 = &lt;Response [403]&gt;.status_code

backend/tests/test_v44_00_03_regression.py:192: AssertionError</failure></testcase><testcase classname="tests.test_v44_00_03_regression.TestEnginesMasterCascade" name="test_e_teardown_restore_master_state" time="0.225" /><testcase classname="tests.test_v44_00_03_regression.TestBounceDigestExport" name="test_a_csv_export_ok" time="0.137" /><testcase classname="tests.test_v44_00_03_regression.TestBounceDigestExport" name="test_b_xlsx_export_ok" time="1.120" /><testcase classname="tests.test_v44_00_03_regression.TestBounceDigestExport" name="test_c_missing_license_key_400" time="0.136" /><testcase classname="tests.test_v44_00_03_regression.TestVerifyLicenseShortCircuit" name="test_a_bogus_key_returns_404_and_writes_violation" time="0.316" /></testsuite></testsuites>