<?xml version="1.0" encoding="utf-8"?><testsuites name="pytest tests"><testsuite name="pytest" errors="0" failures="0" skipped="0" tests="17" time="1.655" timestamp="2026-08-15T11:30:18.942868+00:00" hostname="agent-env-4b81e3e1-7195-4c20-aaba-141696aad14f"><testcase classname="tests.test_v44_marketplace_alerts.TestMarketplaceSeedAndBrowse" name="test_seed" time="0.206" /><testcase classname="tests.test_v44_marketplace_alerts.TestMarketplaceSeedAndBrowse" name="test_stats" time="0.045" /><testcase classname="tests.test_v44_marketplace_alerts.TestMarketplaceSeedAndBrowse" name="test_list_hot" time="0.045" /><testcase classname="tests.test_v44_marketplace_alerts.TestMarketplaceSeedAndBrowse" name="test_list_by_category" time="0.082" /><testcase classname="tests.test_v44_marketplace_alerts.TestMarketplaceSeedAndBrowse" name="test_list_search" time="0.040" /><testcase classname="tests.test_v44_marketplace_alerts.TestMarketplaceSeedAndBrowse" name="test_signature_detail" time="0.082" /><testcase classname="tests.test_v44_marketplace_alerts.TestMarketplacePublishInstallVote" name="test_publish_ok" time="0.042" /><testcase classname="tests.test_v44_marketplace_alerts.TestMarketplacePublishInstallVote" name="test_publish_invalid_regex" time="0.043" /><testcase classname="tests.test_v44_marketplace_alerts.TestMarketplacePublishInstallVote" name="test_vote_flow" time="0.299" /><testcase classname="tests.test_v44_marketplace_alerts.TestMarketplacePublishInstallVote" name="test_install" time="0.182" /><testcase classname="tests.test_v44_marketplace_alerts.TestMarketplacePublishInstallVote" name="test_mine" time="0.041" /><testcase classname="tests.test_v44_marketplace_alerts.TestMarketplacePublishInstallVote" name="test_delete" time="0.121" /><testcase classname="tests.test_v44_marketplace_alerts.TestMasterAlerts" name="test_list" time="0.041" /><testcase classname="tests.test_v44_marketplace_alerts.TestMasterAlerts" name="test_mark_read_and_read_all" time="0.208" /><testcase classname="tests.test_v44_marketplace_alerts.TestUsersSyncRegression" name="test_sync_status" time="0.044" /><testcase classname="tests.test_v44_marketplace_alerts.TestUsersSyncRegression" name="test_users_list" time="0.039" /><testcase classname="tests.test_v44_marketplace_alerts.TestUsersSyncRegression" name="test_refresh_from_cpanel" time="0.042" /></testsuite></testsuites>